{"meta": {"format": 3, "version": "7.10.7", "timestamp": "2025-09-24T14:22:01.242104", "branch_coverage": false, "show_contexts": false}, "files": {"src\\__init__.py": {"executed_lines": [1, 3], "summary": {"covered_lines": 1, "num_statements": 1, "percent_covered": 100.0, "percent_covered_display": "100", "missing_lines": 0, "excluded_lines": 0}, "missing_lines": [], "excluded_lines": [], "functions": {"": {"executed_lines": [1, 3], "summary": {"covered_lines": 1, "num_statements": 1, "percent_covered": 100.0, "percent_covered_display": "100", "missing_lines": 0, "excluded_lines": 0}, "missing_lines": [], "excluded_lines": []}}, "classes": {"": {"executed_lines": [1, 3], "summary": {"covered_lines": 1, "num_statements": 1, "percent_covered": 100.0, "percent_covered_display": "100", "missing_lines": 0, "excluded_lines": 0}, "missing_lines": [], "excluded_lines": []}}}, "src\\__main__.py": {"executed_lines": [1, 3, 4, 6], "summary": {"covered_lines": 3, "num_statements": 4, "percent_covered": 75.0, "percent_covered_display": "75", "missing_lines": 1, "excluded_lines": 0}, "missing_lines": [7], "excluded_lines": [], "functions": {"": {"executed_lines": [1, 3, 4, 6], "summary": {"covered_lines": 3, "num_statements": 4, "percent_covered": 75.0, "percent_covered_display": "75", "missing_lines": 1, "excluded_lines": 0}, "missing_lines": [7], "excluded_lines": []}}, "classes": {"": {"executed_lines": [1, 3, 4, 6], "summary": {"covered_lines": 3, "num_statements": 4, "percent_covered": 75.0, "percent_covered_display": "75", "missing_lines": 1, "excluded_lines": 0}, "missing_lines": [7], "excluded_lines": []}}}, "src\\config\\__init__.py": {"executed_lines": [1, 3, 4, 6], "summary": {"covered_lines": 3, "num_statements": 3, "percent_covered": 100.0, "percent_covered_display": "100", "missing_lines": 0, "excluded_lines": 0}, "missing_lines": [], "excluded_lines": [], "functions": {"": {"executed_lines": [1, 3, 4, 6], "summary": {"covered_lines": 3, "num_statements": 3, "percent_covered": 100.0, "percent_covered_display": "100", "missing_lines": 0, "excluded_lines": 0}, "missing_lines": [], "excluded_lines": []}}, "classes": {"": {"executed_lines": [1, 3, 4, 6], "summary": {"covered_lines": 3, "num_statements": 3, "percent_covered": 100.0, "percent_covered_display": "100", "missing_lines": 0, "excluded_lines": 0}, "missing_lines": [], "excluded_lines": []}}}, "src\\config\\cli_config.py": {"executed_lines": [1, 3, 4, 5, 8, 9, 11, 12, 14, 16, 29, 36, 41, 47, 54, 61, 64, 67, 69, 71, 73, 79, 80, 86, 91, 96, 101, 106, 113, 114, 119, 126, 127, 132, 137, 144, 145, 150, 155, 161, 163, 168, 174, 180, 182, 185, 186, 189, 190, 191, 192, 196, 198, 201, 202, 203, 204, 205, 206, 207, 208, 209, 210, 211, 212, 213, 214, 215, 216, 217, 218, 219, 223, 224, 225, 226, 229, 230, 233, 234, 235, 236, 238], "summary": {"covered_lines": 81, "num_statements": 83, "percent_covered": 97.59036144578313, "percent_covered_display": "98", "missing_lines": 2, "excluded_lines": 0}, "missing_lines": [194, 220], "excluded_lines": [], "functions": {"CLIConfigManager.__init__": {"executed_lines": [12], "summary": {"covered_lines": 1, "num_statements": 1, "percent_covered": 100.0, "percent_covered_display": "100", "missing_lines": 0, "excluded_lines": 0}, "missing_lines": [], "excluded_lines": []}, "CLIConfigManager._create_parser": {"executed_lines": [16, 29, 36, 41, 47, 54, 61, 64, 67, 69], "summary": {"covered_lines": 10, "num_statements": 10, "percent_covered": 100.0, "percent_covered_display": "100", "missing_lines": 0, "excluded_lines": 0}, "missing_lines": [], "excluded_lines": []}, "CLIConfigManager._add_scrape_command": {"executed_lines": [73, 79, 80, 86, 91, 96, 101, 106, 113, 114, 119, 126, 127, 132, 137, 144, 145, 150, 155], "summary": {"covered_lines": 19, "num_statements": 19, "percent_covered": 100.0, "percent_covered_display": "100", "missing_lines": 0, "excluded_lines": 0}, "missing_lines": [], "excluded_lines": []}, "CLIConfigManager._add_validate_command": {"executed_lines": [163, 168, 174], "summary": {"covered_lines": 3, "num_statements": 3, "percent_covered": 100.0, "percent_covered_display": "100", "missing_lines": 0, "excluded_lines": 0}, "missing_lines": [], "excluded_lines": []}, "CLIConfigManager.parse_args": {"executed_lines": [182, 185, 186, 189, 190, 191, 192], "summary": {"covered_lines": 7, "num_statements": 8, "percent_covered": 87.5, "percent_covered_display": "88", "missing_lines": 1, "excluded_lines": 0}, "missing_lines": [194], "excluded_lines": []}, "CLIConfigManager.args_to_config_dict": {"executed_lines": [198, 201, 202, 203, 204, 205, 206, 207, 208, 209, 210, 211, 212, 213, 214, 215, 216, 217, 218, 219, 223, 224, 225, 226, 229, 230, 233, 234, 235, 236, 238], "summary": {"covered_lines": 31, "num_statements": 32, "percent_covered": 96.875, "percent_covered_display": "97", "missing_lines": 1, "excluded_lines": 0}, "missing_lines": [220], "excluded_lines": []}, "": {"executed_lines": [1, 3, 4, 5, 8, 9, 11, 14, 71, 161, 180, 196], "summary": {"covered_lines": 10, "num_statements": 10, "percent_covered": 100.0, "percent_covered_display": "100", "missing_lines": 0, "excluded_lines": 0}, "missing_lines": [], "excluded_lines": []}}, "classes": {"CLIConfigManager": {"executed_lines": [12, 16, 29, 36, 41, 47, 54, 61, 64, 67, 69, 73, 79, 80, 86, 91, 96, 101, 106, 113, 114, 119, 126, 127, 132, 137, 144, 145, 150, 155, 163, 168, 174, 182, 185, 186, 189, 190, 191, 192, 198, 201, 202, 203, 204, 205, 206, 207, 208, 209, 210, 211, 212, 213, 214, 215, 216, 217, 218, 219, 223, 224, 225, 226, 229, 230, 233, 234, 235, 236, 238], "summary": {"covered_lines": 71, "num_statements": 73, "percent_covered": 97.26027397260275, "percent_covered_display": "97", "missing_lines": 2, "excluded_lines": 0}, "missing_lines": [194, 220], "excluded_lines": []}, "": {"executed_lines": [1, 3, 4, 5, 8, 9, 11, 14, 71, 161, 180, 196], "summary": {"covered_lines": 10, "num_statements": 10, "percent_covered": 100.0, "percent_covered_display": "100", "missing_lines": 0, "excluded_lines": 0}, "missing_lines": [], "excluded_lines": []}}}, "src\\config\\config.py": {"executed_lines": [1, 3, 4, 5, 6, 7, 8, 10, 11, 13, 16, 17, 18, 21, 22, 23, 26, 27, 28, 29, 32, 33, 34, 35, 36, 39, 40, 41, 44, 47, 48, 49, 50, 51, 54, 56, 59, 60, 61, 62, 63, 64, 67, 68, 71, 72, 73, 74, 77, 78, 82, 86, 88, 89, 90, 91, 92, 93, 94, 95, 96, 97, 98, 99, 100, 101, 104, 105, 107, 108, 110, 129, 132, 135, 136, 137, 140, 141, 144, 145, 146, 149, 150, 154, 156, 158, 175, 177, 178, 179, 180, 182, 183, 184, 185, 186, 187, 188, 189, 191, 193, 212, 213, 214, 215, 217, 218, 219, 222, 223, 225, 227, 229, 232, 248, 249, 250, 251, 253, 255, 257, 260, 261, 262, 263, 264, 265, 266, 267, 268, 269, 272, 273, 274, 275, 276, 277, 278, 280, 282, 286, 287, 288, 289, 290, 291, 292, 296, 297, 298, 299, 300, 301, 302, 303, 304, 305, 306, 307, 310, 311, 312, 313, 314, 315, 318, 322, 338, 339, 341, 343, 344, 346], "summary": {"covered_lines": 170, "num_statements": 178, "percent_covered": 95.50561797752809, "percent_covered_display": "96", "missing_lines": 8, "excluded_lines": 0}, "missing_lines": [83, 220, 221, 279, 281, 283, 293, 319], "excluded_lines": [], "functions": {"Config.__post_init__": {"executed_lines": [59, 60, 61, 62, 63, 64, 67, 68, 71, 72, 73, 74, 77, 78, 82], "summary": {"covered_lines": 15, "num_statements": 16, "percent_covered": 93.75, "percent_covered_display": "94", "missing_lines": 1, "excluded_lines": 0}, "missing_lines": [83], "excluded_lines": []}, "Config.log_config": {"executed_lines": [88, 89, 90, 91, 92, 93, 94, 95, 96, 97, 98, 99, 100, 101], "summary": {"covered_lines": 14, "num_statements": 14, "percent_covered": 100.0, "percent_covered_display": "100", "missing_lines": 0, "excluded_lines": 0}, "missing_lines": [], "excluded_lines": []}, "ConfigLoader.__init__": {"executed_lines": [108], "summary": {"covered_lines": 1, "num_statements": 1, "percent_covered": 100.0, "percent_covered_display": "100", "missing_lines": 0, "excluded_lines": 0}, "missing_lines": [], "excluded_lines": []}, "ConfigLoader.load_config": {"executed_lines": [129, 132, 135, 136, 137, 140, 141, 144, 145, 146, 149, 150, 154], "summary": {"covered_lines": 13, "num_statements": 13, "percent_covered": 100.0, "percent_covered_display": "100", "missing_lines": 0, "excluded_lines": 0}, "missing_lines": [], "excluded_lines": []}, "ConfigLoader._get_defaults": {"executed_lines": [158], "summary": {"covered_lines": 1, "num_statements": 1, "percent_covered": 100.0, "percent_covered_display": "100", "missing_lines": 0, "excluded_lines": 0}, "missing_lines": [], "excluded_lines": []}, "ConfigLoader._load_yaml_config": {"executed_lines": [177, 178, 179, 180, 182, 183, 184, 185, 186, 187, 188, 189], "summary": {"covered_lines": 12, "num_statements": 12, "percent_covered": 100.0, "percent_covered_display": "100", "missing_lines": 0, "excluded_lines": 0}, "missing_lines": [], "excluded_lines": []}, "ConfigLoader._load_env_config": {"executed_lines": [193, 212, 213, 214, 215, 217, 218, 219, 222, 223, 225, 227], "summary": {"covered_lines": 12, "num_statements": 14, "percent_covered": 85.71428571428571, "percent_covered_display": "86", "missing_lines": 2, "excluded_lines": 0}, "missing_lines": [220, 221], "excluded_lines": []}, "ConfigLoader._process_cli_args": {"executed_lines": [232, 248, 249, 250, 251, 253], "summary": {"covered_lines": 6, "num_statements": 6, "percent_covered": 100.0, "percent_covered_display": "100", "missing_lines": 0, "excluded_lines": 0}, "missing_lines": [], "excluded_lines": []}, "ConfigLoader._normalize_keys": {"executed_lines": [257, 260, 261, 262, 263, 264, 265, 266, 267, 268, 269, 272, 273, 274, 275, 276, 277, 278, 280, 282, 286, 287, 288, 289, 290, 291, 292, 296, 297, 298, 299, 300, 301, 302, 303, 304, 305, 306, 307, 310, 311, 312, 313, 314, 315, 318, 322, 338, 339, 341, 343, 344, 346], "summary": {"covered_lines": 53, "num_statements": 58, "percent_covered": 91.37931034482759, "percent_covered_display": "91", "missing_lines": 5, "excluded_lines": 0}, "missing_lines": [279, 281, 283, 293, 319], "excluded_lines": []}, "": {"executed_lines": [1, 3, 4, 5, 6, 7, 8, 10, 11, 13, 16, 17, 18, 21, 22, 23, 26, 27, 28, 29, 32, 33, 34, 35, 36, 39, 40, 41, 44, 47, 48, 49, 50, 51, 54, 56, 86, 104, 105, 107, 110, 156, 175, 191, 229, 255], "summary": {"covered_lines": 43, "num_statements": 43, "percent_covered": 100.0, "percent_covered_display": "100", "missing_lines": 0, "excluded_lines": 0}, "missing_lines": [], "excluded_lines": []}}, "classes": {"Config": {"executed_lines": [59, 60, 61, 62, 63, 64, 67, 68, 71, 72, 73, 74, 77, 78, 82, 88, 89, 90, 91, 92, 93, 94, 95, 96, 97, 98, 99, 100, 101], "summary": {"covered_lines": 29, "num_statements": 30, "percent_covered": 96.66666666666667, "percent_covered_display": "97", "missing_lines": 1, "excluded_lines": 0}, "missing_lines": [83], "excluded_lines": []}, "ConfigLoader": {"executed_lines": [108, 129, 132, 135, 136, 137, 140, 141, 144, 145, 146, 149, 150, 154, 158, 177, 178, 179, 180, 182, 183, 184, 185, 186, 187, 188, 189, 193, 212, 213, 214, 215, 217, 218, 219, 222, 223, 225, 227, 232, 248, 249, 250, 251, 253, 257, 260, 261, 262, 263, 264, 265, 266, 267, 268, 269, 272, 273, 274, 275, 276, 277, 278, 280, 282, 286, 287, 288, 289, 290, 291, 292, 296, 297, 298, 299, 300, 301, 302, 303, 304, 305, 306, 307, 310, 311, 312, 313, 314, 315, 318, 322, 338, 339, 341, 343, 344, 346], "summary": {"covered_lines": 98, "num_statements": 105, "percent_covered": 93.33333333333333, "percent_covered_display": "93", "missing_lines": 7, "excluded_lines": 0}, "missing_lines": [220, 221, 279, 281, 283, 293, 319], "excluded_lines": []}, "": {"executed_lines": [1, 3, 4, 5, 6, 7, 8, 10, 11, 13, 16, 17, 18, 21, 22, 23, 26, 27, 28, 29, 32, 33, 34, 35, 36, 39, 40, 41, 44, 47, 48, 49, 50, 51, 54, 56, 86, 104, 105, 107, 110, 156, 175, 191, 229, 255], "summary": {"covered_lines": 43, "num_statements": 43, "percent_covered": 100.0, "percent_covered_display": "100", "missing_lines": 0, "excluded_lines": 0}, "missing_lines": [], "excluded_lines": []}}}, "src\\core\\__init__.py": {"executed_lines": [1, 6], "summary": {"covered_lines": 1, "num_statements": 1, "percent_covered": 100.0, "percent_covered_display": "100", "missing_lines": 0, "excluded_lines": 0}, "missing_lines": [], "excluded_lines": [], "functions": {"": {"executed_lines": [1, 6], "summary": {"covered_lines": 1, "num_statements": 1, "percent_covered": 100.0, "percent_covered_display": "100", "missing_lines": 0, "excluded_lines": 0}, "missing_lines": [], "excluded_lines": []}}, "classes": {"": {"executed_lines": [1, 6], "summary": {"covered_lines": 1, "num_statements": 1, "percent_covered": 100.0, "percent_covered_display": "100", "missing_lines": 0, "excluded_lines": 0}, "missing_lines": [], "excluded_lines": []}}}, "src\\core\\application.py": {"executed_lines": [1, 3, 4, 6, 7, 8, 9, 11, 14, 15, 17, 18, 20, 38, 47, 48, 50, 51, 53, 54, 67, 69, 72, 73, 75, 76, 77, 79, 88, 91, 94, 95, 96, 97, 106, 107, 108, 109, 271, 289, 298, 299, 302, 310, 312, 313, 314, 316, 317, 319, 320, 322, 323, 324], "summary": {"covered_lines": 52, "num_statements": 147, "percent_covered": 35.374149659863946, "percent_covered_display": "35", "missing_lines": 95, "excluded_lines": 0}, "missing_lines": [26, 27, 30, 56, 57, 63, 65, 112, 115, 116, 117, 118, 121, 122, 132, 133, 134, 137, 138, 139, 141, 142, 143, 145, 148, 149, 152, 153, 154, 157, 158, 159, 160, 162, 165, 168, 169, 170, 171, 174, 175, 176, 177, 179, 181, 182, 184, 185, 188, 189, 191, 193, 194, 195, 196, 198, 212, 213, 221, 222, 223, 224, 225, 227, 228, 229, 231, 233, 235, 236, 238, 241, 242, 244, 245, 246, 247, 248, 251, 252, 253, 255, 256, 257, 259, 261, 262, 263, 266, 268, 269, 282, 284, 285, 287], "excluded_lines": [], "functions": {"Application.__init__": {"executed_lines": [18], "summary": {"covered_lines": 1, "num_statements": 1, "percent_covered": 100.0, "percent_covered_display": "100", "missing_lines": 0, "excluded_lines": 0}, "missing_lines": [], "excluded_lines": []}, "Application._setup_file_logging": {"executed_lines": [], "summary": {"covered_lines": 0, "num_statements": 3, "percent_covered": 0.0, "percent_covered_display": "0", "missing_lines": 3, "excluded_lines": 0}, "missing_lines": [26, 27, 30], "excluded_lines": []}, "Application.run": {"executed_lines": [47, 48, 50, 51, 53, 54, 67, 69, 72, 73, 75, 76, 77], "summary": {"covered_lines": 13, "num_statements": 17, "percent_covered": 76.47058823529412, "percent_covered_display": "76", "missing_lines": 4, "excluded_lines": 0}, "missing_lines": [56, 57, 63, 65], "excluded_lines": []}, "Application.run_scrape_command": {"executed_lines": [88, 91, 94, 95, 96, 97, 106, 107, 108, 109], "summary": {"covered_lines": 10, "num_statements": 94, "percent_covered": 10.638297872340425, "percent_covered_display": "11", "missing_lines": 84, "excluded_lines": 0}, "missing_lines": [112, 115, 116, 117, 118, 121, 122, 132, 133, 134, 137, 138, 139, 141, 142, 143, 145, 148, 149, 152, 153, 154, 157, 158, 159, 160, 162, 165, 168, 169, 170, 171, 174, 175, 176, 177, 179, 181, 182, 184, 185, 188, 189, 191, 193, 194, 195, 196, 198, 212, 213, 221, 222, 223, 224, 225, 227, 228, 229, 231, 233, 235, 236, 238, 241, 242, 244, 245, 246, 247, 248, 251, 252, 253, 255, 256, 257, 259, 261, 262, 263, 266, 268, 269], "excluded_lines": []}, "Application._update_config_with_github_paths": {"executed_lines": [], "summary": {"covered_lines": 0, "num_statements": 4, "percent_covered": 0.0, "percent_covered_display": "0", "missing_lines": 4, "excluded_lines": 0}, "missing_lines": [282, 284, 285, 287], "excluded_lines": []}, "Application.run_validate_command": {"executed_lines": [298, 299, 302, 310, 312, 313, 314, 316, 317, 319, 320, 322, 323, 324], "summary": {"covered_lines": 14, "num_statements": 14, "percent_covered": 100.0, "percent_covered_display": "100", "missing_lines": 0, "excluded_lines": 0}, "missing_lines": [], "excluded_lines": []}, "": {"executed_lines": [1, 3, 4, 6, 7, 8, 9, 11, 14, 15, 17, 20, 38, 79, 271, 289], "summary": {"covered_lines": 14, "num_statements": 14, "percent_covered": 100.0, "percent_covered_display": "100", "missing_lines": 0, "excluded_lines": 0}, "missing_lines": [], "excluded_lines": []}}, "classes": {"Application": {"executed_lines": [18, 47, 48, 50, 51, 53, 54, 67, 69, 72, 73, 75, 76, 77, 88, 91, 94, 95, 96, 97, 106, 107, 108, 109, 298, 299, 302, 310, 312, 313, 314, 316, 317, 319, 320, 322, 323, 324], "summary": {"covered_lines": 38, "num_statements": 133, "percent_covered": 28.571428571428573, "percent_covered_display": "29", "missing_lines": 95, "excluded_lines": 0}, "missing_lines": [26, 27, 30, 56, 57, 63, 65, 112, 115, 116, 117, 118, 121, 122, 132, 133, 134, 137, 138, 139, 141, 142, 143, 145, 148, 149, 152, 153, 154, 157, 158, 159, 160, 162, 165, 168, 169, 170, 171, 174, 175, 176, 177, 179, 181, 182, 184, 185, 188, 189, 191, 193, 194, 195, 196, 198, 212, 213, 221, 222, 223, 224, 225, 227, 228, 229, 231, 233, 235, 236, 238, 241, 242, 244, 245, 246, 247, 248, 251, 252, 253, 255, 256, 257, 259, 261, 262, 263, 266, 268, 269, 282, 284, 285, 287], "excluded_lines": []}, "": {"executed_lines": [1, 3, 4, 6, 7, 8, 9, 11, 14, 15, 17, 20, 38, 79, 271, 289], "summary": {"covered_lines": 14, "num_statements": 14, "percent_covered": 100.0, "percent_covered_display": "100", "missing_lines": 0, "excluded_lines": 0}, "missing_lines": [], "excluded_lines": []}}}, "src\\core\\logging.py": {"executed_lines": [1, 3, 4, 5, 6, 7, 8, 11, 20, 21, 24, 25, 28, 29, 31, 34, 50, 53, 55, 61, 66, 67, 70, 71, 74, 75, 76, 77, 80, 81, 83, 84, 87, 90, 91, 97, 98, 99, 102, 103, 105, 107, 108, 111, 113, 116, 125, 126, 127], "summary": {"covered_lines": 48, "num_statements": 48, "percent_covered": 100.0, "percent_covered_display": "100", "missing_lines": 0, "excluded_lines": 0}, "missing_lines": [], "excluded_lines": [], "functions": {"_generate_timestamped_filename": {"executed_lines": [20, 21, 24, 25, 28, 29, 31], "summary": {"covered_lines": 7, "num_statements": 7, "percent_covered": 100.0, "percent_covered_display": "100", "missing_lines": 0, "excluded_lines": 0}, "missing_lines": [], "excluded_lines": []}, "setup_logging": {"executed_lines": [50, 53, 55, 61, 66, 67, 70, 71, 74, 75, 76, 77, 80, 81, 83, 84, 87, 90, 91, 97, 98, 99, 102, 103, 105, 107, 108, 111, 113], "summary": {"covered_lines": 29, "num_statements": 29, "percent_covered": 100.0, "percent_covered_display": "100", "missing_lines": 0, "excluded_lines": 0}, "missing_lines": [], "excluded_lines": []}, "get_logger": {"executed_lines": [125, 126, 127], "summary": {"covered_lines": 3, "num_statements": 3, "percent_covered": 100.0, "percent_covered_display": "100", "missing_lines": 0, "excluded_lines": 0}, "missing_lines": [], "excluded_lines": []}, "": {"executed_lines": [1, 3, 4, 5, 6, 7, 8, 11, 34, 116], "summary": {"covered_lines": 9, "num_statements": 9, "percent_covered": 100.0, "percent_covered_display": "100", "missing_lines": 0, "excluded_lines": 0}, "missing_lines": [], "excluded_lines": []}}, "classes": {"": {"executed_lines": [1, 3, 4, 5, 6, 7, 8, 11, 20, 21, 24, 25, 28, 29, 31, 34, 50, 53, 55, 61, 66, 67, 70, 71, 74, 75, 76, 77, 80, 81, 83, 84, 87, 90, 91, 97, 98, 99, 102, 103, 105, 107, 108, 111, 113, 116, 125, 126, 127], "summary": {"covered_lines": 48, "num_statements": 48, "percent_covered": 100.0, "percent_covered_display": "100", "missing_lines": 0, "excluded_lines": 0}, "missing_lines": [], "excluded_lines": []}}}, "src\\core\\models.py": {"executed_lines": [1, 3, 4, 5, 8, 9, 10, 11, 12, 13, 14, 15, 16, 17, 18, 19, 20, 21, 22, 25, 26, 27, 29, 30, 32, 33, 34, 36, 38, 39, 41, 43, 45, 46, 49, 50, 52, 53, 54, 56, 57, 58, 59, 61, 62, 63, 64, 66, 68, 70, 71, 73, 75, 77, 78, 79, 80, 83, 85, 86, 87, 88, 91, 92, 93, 94, 95, 97, 98, 100, 102, 105, 106, 107, 108, 109, 110, 111, 112, 113, 114, 115], "summary": {"covered_lines": 78, "num_statements": 79, "percent_covered": 98.73417721518987, "percent_covered_display": "99", "missing_lines": 1, "excluded_lines": 0}, "missing_lines": [81], "excluded_lines": [], "functions": {"ActivityData.__init__": {"executed_lines": [33, 34], "summary": {"covered_lines": 2, "num_statements": 2, "percent_covered": 100.0, "percent_covered_display": "100", "missing_lines": 0, "excluded_lines": 0}, "missing_lines": [], "excluded_lines": []}, "ActivityData.update": {"executed_lines": [38, 39], "summary": {"covered_lines": 2, "num_statements": 2, "percent_covered": 100.0, "percent_covered_display": "100", "missing_lines": 0, "excluded_lines": 0}, "missing_lines": [], "excluded_lines": []}, "ActivityData.get_next_episode": {"executed_lines": [43], "summary": {"covered_lines": 1, "num_statements": 1, "percent_covered": 100.0, "percent_covered_display": "100", "missing_lines": 0, "excluded_lines": 0}, "missing_lines": [], "excluded_lines": []}, "ActivityData.merge_collections": {"executed_lines": [49, 50, 52, 53, 54, 56, 57, 58, 59, 61, 62, 63, 64, 66, 68], "summary": {"covered_lines": 15, "num_statements": 15, "percent_covered": 100.0, "percent_covered_display": "100", "missing_lines": 0, "excluded_lines": 0}, "missing_lines": [], "excluded_lines": []}, "ActivityData.parse_activities_from_env": {"executed_lines": [73, 75, 77, 78, 79, 80, 83, 85, 86, 87, 88, 91, 92, 93, 94, 95, 97, 98, 100, 102], "summary": {"covered_lines": 20, "num_statements": 21, "percent_covered": 95.23809523809524, "percent_covered_display": "95", "missing_lines": 1, "excluded_lines": 0}, "missing_lines": [81], "excluded_lines": []}, "": {"executed_lines": [1, 3, 4, 5, 8, 9, 10, 11, 12, 13, 14, 15, 16, 17, 18, 19, 20, 21, 22, 25, 26, 27, 29, 30, 32, 36, 41, 45, 46, 70, 71, 105, 106, 107, 108, 109, 110, 111, 112, 113, 114, 115], "summary": {"covered_lines": 38, "num_statements": 38, "percent_covered": 100.0, "percent_covered_display": "100", "missing_lines": 0, "excluded_lines": 0}, "missing_lines": [], "excluded_lines": []}}, "classes": {"Activity": {"executed_lines": [], "summary": {"covered_lines": 0, "num_statements": 0, "percent_covered": 100.0, "percent_covered_display": "100", "missing_lines": 0, "excluded_lines": 0}, "missing_lines": [], "excluded_lines": []}, "ActivityData": {"executed_lines": [33, 34, 38, 39, 43, 49, 50, 52, 53, 54, 56, 57, 58, 59, 61, 62, 63, 64, 66, 68, 73, 75, 77, 78, 79, 80, 83, 85, 86, 87, 88, 91, 92, 93, 94, 95, 97, 98, 100, 102], "summary": {"covered_lines": 40, "num_statements": 41, "percent_covered": 97.5609756097561, "percent_covered_display": "98", "missing_lines": 1, "excluded_lines": 0}, "missing_lines": [81], "excluded_lines": []}, "ClassMetadata": {"executed_lines": [], "summary": {"covered_lines": 0, "num_statements": 0, "percent_covered": 100.0, "percent_covered_display": "100", "missing_lines": 0, "excluded_lines": 0}, "missing_lines": [], "excluded_lines": []}, "": {"executed_lines": [1, 3, 4, 5, 8, 9, 10, 11, 12, 13, 14, 15, 16, 17, 18, 19, 20, 21, 22, 25, 26, 27, 29, 30, 32, 36, 41, 45, 46, 70, 71, 105, 106, 107, 108, 109, 110, 111, 112, 113, 114, 115], "summary": {"covered_lines": 38, "num_statements": 38, "percent_covered": 100.0, "percent_covered_display": "100", "missing_lines": 0, "excluded_lines": 0}, "missing_lines": [], "excluded_lines": []}}}, "src\\git_integration\\__init__.py": {"executed_lines": [1, 6], "summary": {"covered_lines": 1, "num_statements": 1, "percent_covered": 100.0, "percent_covered_display": "100", "missing_lines": 0, "excluded_lines": 0}, "missing_lines": [], "excluded_lines": [], "functions": {"": {"executed_lines": [1, 6], "summary": {"covered_lines": 1, "num_statements": 1, "percent_covered": 100.0, "percent_covered_display": "100", "missing_lines": 0, "excluded_lines": 0}, "missing_lines": [], "excluded_lines": []}}, "classes": {"": {"executed_lines": [1, 6], "summary": {"covered_lines": 1, "num_statements": 1, "percent_covered": 100.0, "percent_covered_display": "100", "missing_lines": 0, "excluded_lines": 0}, "missing_lines": [], "excluded_lines": []}}}, "src\\git_integration\\models.py": {"executed_lines": [1, 3, 4, 5, 8, 9, 10, 11, 12, 15, 16, 17, 19, 20, 21, 22, 23, 24, 25, 26, 28, 30, 31, 34, 35, 37, 38, 40, 42, 43, 45, 48, 49, 50, 52, 53, 54, 55, 56, 58, 59, 61], "summary": {"covered_lines": 38, "num_statements": 38, "percent_covered": 100.0, "percent_covered_display": "100", "missing_lines": 0, "excluded_lines": 0}, "missing_lines": [], "excluded_lines": [], "functions": {"GitHubConfig.__post_init__": {"executed_lines": [30, 31, 34, 35], "summary": {"covered_lines": 4, "num_statements": 4, "percent_covered": 100.0, "percent_covered_display": "100", "missing_lines": 0, "excluded_lines": 0}, "missing_lines": [], "excluded_lines": []}, "GitHubConfig.repo_name": {"executed_lines": [40], "summary": {"covered_lines": 1, "num_statements": 1, "percent_covered": 100.0, "percent_covered_display": "100", "missing_lines": 0, "excluded_lines": 0}, "missing_lines": [], "excluded_lines": []}, "GitHubConfig.authenticated_url": {"executed_lines": [45], "summary": {"covered_lines": 1, "num_statements": 1, "percent_covered": 100.0, "percent_covered_display": "100", "missing_lines": 0, "excluded_lines": 0}, "missing_lines": [], "excluded_lines": []}, "GitHubOperationResult.success": {"executed_lines": [61], "summary": {"covered_lines": 1, "num_statements": 1, "percent_covered": 100.0, "percent_covered_display": "100", "missing_lines": 0, "excluded_lines": 0}, "missing_lines": [], "excluded_lines": []}, "": {"executed_lines": [1, 3, 4, 5, 8, 9, 10, 11, 12, 15, 16, 17, 19, 20, 21, 22, 23, 24, 25, 26, 28, 37, 38, 42, 43, 48, 49, 50, 52, 53, 54, 55, 56, 58, 59], "summary": {"covered_lines": 31, "num_statements": 31, "percent_covered": 100.0, "percent_covered_display": "100", "missing_lines": 0, "excluded_lines": 0}, "missing_lines": [], "excluded_lines": []}}, "classes": {"GitHubOperationStatus": {"executed_lines": [], "summary": {"covered_lines": 0, "num_statements": 0, "percent_covered": 100.0, "percent_covered_display": "100", "missing_lines": 0, "excluded_lines": 0}, "missing_lines": [], "excluded_lines": []}, "GitHubConfig": {"executed_lines": [30, 31, 34, 35, 40, 45], "summary": {"covered_lines": 6, "num_statements": 6, "percent_covered": 100.0, "percent_covered_display": "100", "missing_lines": 0, "excluded_lines": 0}, "missing_lines": [], "excluded_lines": []}, "GitHubOperationResult": {"executed_lines": [61], "summary": {"covered_lines": 1, "num_statements": 1, "percent_covered": 100.0, "percent_covered_display": "100", "missing_lines": 0, "excluded_lines": 0}, "missing_lines": [], "excluded_lines": []}, "": {"executed_lines": [1, 3, 4, 5, 8, 9, 10, 11, 12, 15, 16, 17, 19, 20, 21, 22, 23, 24, 25, 26, 28, 37, 38, 42, 43, 48, 49, 50, 52, 53, 54, 55, 56, 58, 59], "summary": {"covered_lines": 31, "num_statements": 31, "percent_covered": 100.0, "percent_covered_display": "100", "missing_lines": 0, "excluded_lines": 0}, "missing_lines": [], "excluded_lines": []}}}, "src\\git_integration\\peloton\\__init__.py": {"executed_lines": [1, 3], "summary": {"covered_lines": 1, "num_statements": 1, "percent_covered": 100.0, "percent_covered_display": "100", "missing_lines": 0, "excluded_lines": 0}, "missing_lines": [], "excluded_lines": [], "functions": {"": {"executed_lines": [1, 3], "summary": {"covered_lines": 1, "num_statements": 1, "percent_covered": 100.0, "percent_covered_display": "100", "missing_lines": 0, "excluded_lines": 0}, "missing_lines": [], "excluded_lines": []}}, "classes": {"": {"executed_lines": [1, 3], "summary": {"covered_lines": 1, "num_statements": 1, "percent_covered": 100.0, "percent_covered_display": "100", "missing_lines": 0, "excluded_lines": 0}, "missing_lines": [], "excluded_lines": []}}}, "src\\git_integration\\peloton\\subscription_manager.py": {"executed_lines": [1, 3, 4, 5, 7, 8, 9, 12, 13, 15, 22, 23, 24, 26, 27, 29, 35, 36, 38, 44, 45, 47, 53, 55, 56, 57, 59, 60, 61, 63, 65, 66, 67, 68, 69, 70, 72, 86, 89, 91, 92, 94, 99, 105, 107, 109, 110, 112, 113, 129, 136], "summary": {"covered_lines": 49, "num_statements": 50, "percent_covered": 98.0, "percent_covered_display": "98", "missing_lines": 1, "excluded_lines": 0}, "missing_lines": [96], "excluded_lines": [], "functions": {"PelotonSubscriptionManager.__init__": {"executed_lines": [22, 23, 24, 26, 27], "summary": {"covered_lines": 5, "num_statements": 5, "percent_covered": 100.0, "percent_covered_display": "100", "missing_lines": 0, "excluded_lines": 0}, "missing_lines": [], "excluded_lines": []}, "PelotonSubscriptionManager.setup_repository": {"executed_lines": [35, 36], "summary": {"covered_lines": 2, "num_statements": 2, "percent_covered": 100.0, "percent_covered_display": "100", "missing_lines": 0, "excluded_lines": 0}, "missing_lines": [], "excluded_lines": []}, "PelotonSubscriptionManager.get_subscriptions_file_path": {"executed_lines": [44, 45], "summary": {"covered_lines": 2, "num_statements": 2, "percent_covered": 100.0, "percent_covered_display": "100", "missing_lines": 0, "excluded_lines": 0}, "missing_lines": [], "excluded_lines": []}, "PelotonSubscriptionManager.validate_subscriptions_file": {"executed_lines": [53, 55, 56, 57, 59, 60, 61, 63, 65, 66, 67, 68, 69, 70], "summary": {"covered_lines": 14, "num_statements": 14, "percent_covered": 100.0, "percent_covered_display": "100", "missing_lines": 0, "excluded_lines": 0}, "missing_lines": [], "excluded_lines": []}, "PelotonSubscriptionManager.finalize_subscription_updates": {"executed_lines": [86, 89, 91, 92, 94, 99, 105], "summary": {"covered_lines": 7, "num_statements": 8, "percent_covered": 87.5, "percent_covered_display": "88", "missing_lines": 1, "excluded_lines": 0}, "missing_lines": [96], "excluded_lines": []}, "PelotonSubscriptionManager.cleanup": {"executed_lines": [109, 110], "summary": {"covered_lines": 2, "num_statements": 2, "percent_covered": 100.0, "percent_covered_display": "100", "missing_lines": 0, "excluded_lines": 0}, "missing_lines": [], "excluded_lines": []}, "PelotonSubscriptionManager.create_from_config": {"executed_lines": [129, 136], "summary": {"covered_lines": 2, "num_statements": 2, "percent_covered": 100.0, "percent_covered_display": "100", "missing_lines": 0, "excluded_lines": 0}, "missing_lines": [], "excluded_lines": []}, "": {"executed_lines": [1, 3, 4, 5, 7, 8, 9, 12, 13, 15, 29, 38, 47, 72, 107, 112, 113], "summary": {"covered_lines": 15, "num_statements": 15, "percent_covered": 100.0, "percent_covered_display": "100", "missing_lines": 0, "excluded_lines": 0}, "missing_lines": [], "excluded_lines": []}}, "classes": {"PelotonSubscriptionManager": {"executed_lines": [22, 23, 24, 26, 27, 35, 36, 44, 45, 53, 55, 56, 57, 59, 60, 61, 63, 65, 66, 67, 68, 69, 70, 86, 89, 91, 92, 94, 99, 105, 109, 110, 129, 136], "summary": {"covered_lines": 34, "num_statements": 35, "percent_covered": 97.14285714285714, "percent_covered_display": "97", "missing_lines": 1, "excluded_lines": 0}, "missing_lines": [96], "excluded_lines": []}, "": {"executed_lines": [1, 3, 4, 5, 7, 8, 9, 12, 13, 15, 29, 38, 47, 72, 107, 112, 113], "summary": {"covered_lines": 15, "num_statements": 15, "percent_covered": 100.0, "percent_covered_display": "100", "missing_lines": 0, "excluded_lines": 0}, "missing_lines": [], "excluded_lines": []}}}, "src\\git_integration\\repository_manager.py": {"executed_lines": [1, 3, 4, 5, 6, 7, 9, 10, 12, 13, 16, 17, 19, 25, 26, 27, 29, 35, 36, 38, 40, 41, 42, 48, 49, 52, 55, 56, 58, 63, 64, 65, 71, 80, 81, 86, 88, 89, 90, 96, 97, 100, 101, 104, 107, 108, 111, 114, 117, 118, 120, 122, 128, 129, 130, 136, 142, 144, 146, 147, 148, 149, 150, 155, 156, 158, 164, 165, 167, 180, 182, 183, 186, 187, 188, 190, 191, 202, 203, 210, 213, 214, 215, 216, 224, 231, 238, 239, 240, 247, 256, 258, 261, 263, 264, 270, 276, 277, 278], "summary": {"covered_lines": 96, "num_statements": 103, "percent_covered": 93.20388349514563, "percent_covered_display": "93", "missing_lines": 7, "excluded_lines": 0}, "missing_lines": [112, 151, 152, 283, 288, 289, 290], "excluded_lines": [], "functions": {"RepositoryManager.__init__": {"executed_lines": [25, 26, 27], "summary": {"covered_lines": 3, "num_statements": 3, "percent_covered": 100.0, "percent_covered_display": "100", "missing_lines": 0, "excluded_lines": 0}, "missing_lines": [], "excluded_lines": []}, "RepositoryManager.bootstrap_repository": {"executed_lines": [35, 36, 38, 40, 41, 42, 48, 49, 52, 55, 56, 58, 63, 64, 65], "summary": {"covered_lines": 15, "num_statements": 15, "percent_covered": 100.0, "percent_covered_display": "100", "missing_lines": 0, "excluded_lines": 0}, "missing_lines": [], "excluded_lines": []}, "RepositoryManager.commit_and_push_changes": {"executed_lines": [80, 81, 86, 88, 89, 90, 96, 97, 100, 101, 104, 107, 108, 111, 114, 117, 118, 120, 122, 128, 129, 130], "summary": {"covered_lines": 22, "num_statements": 23, "percent_covered": 95.65217391304348, "percent_covered_display": "96", "missing_lines": 1, "excluded_lines": 0}, "missing_lines": [112], "excluded_lines": []}, "RepositoryManager.get_repository_path": {"executed_lines": [142], "summary": {"covered_lines": 1, "num_statements": 1, "percent_covered": 100.0, "percent_covered_display": "100", "missing_lines": 0, "excluded_lines": 0}, "missing_lines": [], "excluded_lines": []}, "RepositoryManager.cleanup_repository": {"executed_lines": [146, 147, 148, 149, 150], "summary": {"covered_lines": 5, "num_statements": 7, "percent_covered": 71.42857142857143, "percent_covered_display": "71", "missing_lines": 2, "excluded_lines": 0}, "missing_lines": [151, 152], "excluded_lines": []}, "PullRequestManager.__init__": {"executed_lines": [164, 165], "summary": {"covered_lines": 2, "num_statements": 2, "percent_covered": 100.0, "percent_covered_display": "100", "missing_lines": 0, "excluded_lines": 0}, "missing_lines": [], "excluded_lines": []}, "PullRequestManager.create_pull_request": {"executed_lines": [180, 182, 183, 186, 187, 188, 190, 191, 202, 203, 210, 213, 214, 215, 216, 224, 231, 238, 239, 240], "summary": {"covered_lines": 20, "num_statements": 20, "percent_covered": 100.0, "percent_covered_display": "100", "missing_lines": 0, "excluded_lines": 0}, "missing_lines": [], "excluded_lines": []}, "PullRequestManager._auto_merge_pull_request": {"executed_lines": [256, 258, 261, 263, 264, 270, 276, 277, 278], "summary": {"covered_lines": 9, "num_statements": 13, "percent_covered": 69.23076923076923, "percent_covered_display": "69", "missing_lines": 4, "excluded_lines": 0}, "missing_lines": [283, 288, 289, 290], "excluded_lines": []}, "": {"executed_lines": [1, 3, 4, 5, 6, 7, 9, 10, 12, 13, 16, 17, 19, 29, 71, 136, 144, 155, 156, 158, 167, 247], "summary": {"covered_lines": 19, "num_statements": 19, "percent_covered": 100.0, "percent_covered_display": "100", "missing_lines": 0, "excluded_lines": 0}, "missing_lines": [], "excluded_lines": []}}, "classes": {"RepositoryManager": {"executed_lines": [25, 26, 27, 35, 36, 38, 40, 41, 42, 48, 49, 52, 55, 56, 58, 63, 64, 65, 80, 81, 86, 88, 89, 90, 96, 97, 100, 101, 104, 107, 108, 111, 114, 117, 118, 120, 122, 128, 129, 130, 142, 146, 147, 148, 149, 150], "summary": {"covered_lines": 46, "num_statements": 49, "percent_covered": 93.87755102040816, "percent_covered_display": "94", "missing_lines": 3, "excluded_lines": 0}, "missing_lines": [112, 151, 152], "excluded_lines": []}, "PullRequestManager": {"executed_lines": [164, 165, 180, 182, 183, 186, 187, 188, 190, 191, 202, 203, 210, 213, 214, 215, 216, 224, 231, 238, 239, 240, 256, 258, 261, 263, 264, 270, 276, 277, 278], "summary": {"covered_lines": 31, "num_statements": 35, "percent_covered": 88.57142857142857, "percent_covered_display": "89", "missing_lines": 4, "excluded_lines": 0}, "missing_lines": [283, 288, 289, 290], "excluded_lines": []}, "": {"executed_lines": [1, 3, 4, 5, 6, 7, 9, 10, 12, 13, 16, 17, 19, 29, 71, 136, 144, 155, 156, 158, 167, 247], "summary": {"covered_lines": 19, "num_statements": 19, "percent_covered": 100.0, "percent_covered_display": "100", "missing_lines": 0, "excluded_lines": 0}, "missing_lines": [], "excluded_lines": []}}}, "src\\io\\__init__.py": {"executed_lines": [1], "summary": {"covered_lines": 0, "num_statements": 0, "percent_covered": 100.0, "percent_covered_display": "100", "missing_lines": 0, "excluded_lines": 0}, "missing_lines": [], "excluded_lines": [], "functions": {"": {"executed_lines": [1], "summary": {"covered_lines": 0, "num_statements": 0, "percent_covered": 100.0, "percent_covered_display": "100", "missing_lines": 0, "excluded_lines": 0}, "missing_lines": [], "excluded_lines": []}}, "classes": {"": {"executed_lines": [1], "summary": {"covered_lines": 0, "num_statements": 0, "percent_covered": 100.0, "percent_covered_display": "100", "missing_lines": 0, "excluded_lines": 0}, "missing_lines": [], "excluded_lines": []}}}, "src\\io\\episode_parser.py": {"executed_lines": [1, 3, 4, 5, 6, 8, 11, 12, 14, 16, 17, 19, 20, 29, 31, 33, 35, 38, 39, 41, 42, 44, 53, 57, 62, 65, 66, 67, 70, 71, 72, 73, 75, 77, 89, 90, 91, 93, 94, 95, 97, 98], "summary": {"covered_lines": 39, "num_statements": 44, "percent_covered": 88.63636363636364, "percent_covered_display": "89", "missing_lines": 5, "excluded_lines": 0}, "missing_lines": [27, 54, 55, 58, 59], "excluded_lines": [], "functions": {"EpisodeParser.__init__": {"executed_lines": [16, 17], "summary": {"covered_lines": 2, "num_statements": 2, "percent_covered": 100.0, "percent_covered_display": "100", "missing_lines": 0, "excluded_lines": 0}, "missing_lines": [], "excluded_lines": []}, "EpisodeParser.parse_episodes": {"executed_lines": [], "summary": {"covered_lines": 0, "num_statements": 1, "percent_covered": 0.0, "percent_covered_display": "0", "missing_lines": 1, "excluded_lines": 0}, "missing_lines": [27], "excluded_lines": []}, "EpisodeParser._create_activity_data": {"executed_lines": [31], "summary": {"covered_lines": 1, "num_statements": 1, "percent_covered": 100.0, "percent_covered_display": "100", "missing_lines": 0, "excluded_lines": 0}, "missing_lines": [], "excluded_lines": []}, "EpisodeParser._update_activity_data": {"executed_lines": [35], "summary": {"covered_lines": 1, "num_statements": 1, "percent_covered": 100.0, "percent_covered_display": "100", "missing_lines": 0, "excluded_lines": 0}, "missing_lines": [], "excluded_lines": []}, "EpisodeMerger.__init__": {"executed_lines": [42], "summary": {"covered_lines": 1, "num_statements": 1, "percent_covered": 100.0, "percent_covered_display": "100", "missing_lines": 0, "excluded_lines": 0}, "missing_lines": [], "excluded_lines": []}, "EpisodeMerger.merge_sources": {"executed_lines": [53, 57, 62, 65, 66, 67, 70, 71, 72, 73, 75], "summary": {"covered_lines": 11, "num_statements": 15, "percent_covered": 73.33333333333333, "percent_covered_display": "73", "missing_lines": 4, "excluded_lines": 0}, "missing_lines": [54, 55, 58, 59], "excluded_lines": []}, "EpisodeMerger.get_next_episode_number": {"executed_lines": [89, 90, 91, 93, 94, 95, 97, 98], "summary": {"covered_lines": 8, "num_statements": 8, "percent_covered": 100.0, "percent_covered_display": "100", "missing_lines": 0, "excluded_lines": 0}, "missing_lines": [], "excluded_lines": []}, "": {"executed_lines": [1, 3, 4, 5, 6, 8, 11, 12, 14, 19, 20, 29, 33, 38, 39, 41, 44, 77], "summary": {"covered_lines": 15, "num_statements": 15, "percent_covered": 100.0, "percent_covered_display": "100", "missing_lines": 0, "excluded_lines": 0}, "missing_lines": [], "excluded_lines": []}}, "classes": {"EpisodeParser": {"executed_lines": [16, 17, 31, 35], "summary": {"covered_lines": 4, "num_statements": 5, "percent_covered": 80.0, "percent_covered_display": "80", "missing_lines": 1, "excluded_lines": 0}, "missing_lines": [27], "excluded_lines": []}, "EpisodeMerger": {"executed_lines": [42, 53, 57, 62, 65, 66, 67, 70, 71, 72, 73, 75, 89, 90, 91, 93, 94, 95, 97, 98], "summary": {"covered_lines": 20, "num_statements": 24, "percent_covered": 83.33333333333333, "percent_covered_display": "83", "missing_lines": 4, "excluded_lines": 0}, "missing_lines": [54, 55, 58, 59], "excluded_lines": []}, "": {"executed_lines": [1, 3, 4, 5, 6, 8, 11, 12, 14, 19, 20, 29, 33, 38, 39, 41, 44, 77], "summary": {"covered_lines": 15, "num_statements": 15, "percent_covered": 100.0, "percent_covered_display": "100", "missing_lines": 0, "excluded_lines": 0}, "missing_lines": [], "excluded_lines": []}}}, "src\\io\\file_manager.py": {"executed_lines": [1, 3, 4, 6, 7, 8, 9, 10, 12, 15, 16, 18, 31, 32, 35, 36, 37, 40, 41, 42, 43, 46, 47, 48, 55, 61, 64, 65, 66, 67, 68, 70, 76, 78, 88, 91, 92, 94, 95, 96, 98, 104, 106, 112, 114, 123, 124, 127, 128, 129, 130, 132, 133, 135, 140, 141, 144, 145, 149, 150, 153, 154, 157, 161, 164, 166, 168, 172, 174, 176, 177, 178, 179, 181, 183, 184, 187, 189, 191, 197, 207, 208, 209, 211, 213, 214, 217, 218, 219, 220, 223, 226, 230, 233, 234, 235, 238, 240, 241, 244, 245, 246, 247, 248, 250, 252, 253, 255, 256, 259, 260, 263, 264, 266, 267, 268, 270, 277, 278, 280, 281, 284, 285, 287, 288, 289, 292, 293, 295, 296, 299, 300, 307, 317, 318, 319, 320, 321, 324, 325, 326, 327, 329, 330, 332, 337, 338, 342, 343, 346, 347, 349, 351, 352, 354, 356, 357, 360, 365, 366, 369, 370, 374, 376, 377, 380, 381, 385, 386, 389, 390, 391, 396, 397, 400, 401, 404, 405, 407, 409, 411, 413, 416, 418, 424, 425, 427, 428, 429, 430, 433, 435, 437, 440, 442, 443, 445, 447, 452, 454, 456, 457, 458, 459, 460, 464, 465, 468, 469, 471, 472, 474, 475, 479, 480, 481, 483, 484, 488, 494, 505, 506, 510, 512, 513, 514, 516, 517, 520, 524, 525, 528, 530, 536, 539, 540, 541, 543, 544, 547, 548, 549, 557, 558, 561, 563, 564, 566, 567, 568, 569, 571, 572, 573, 574, 576, 577, 579, 588, 592, 598], "summary": {"covered_lines": 259, "num_statements": 294, "percent_covered": 88.0952380952381, "percent_covered_display": "88", "missing_lines": 35, "excluded_lines": 0}, "missing_lines": [136, 137, 146, 151, 155, 170, 193, 194, 195, 227, 333, 334, 339, 361, 362, 371, 378, 382, 421, 422, 450, 461, 462, 482, 486, 490, 491, 492, 521, 550, 551, 552, 553, 554, 559], "excluded_lines": [], "functions": {"FileManager.__init__": {"executed_lines": [31, 32, 35, 36, 37, 40, 41, 42, 43, 46, 47, 48, 55, 61, 64, 65, 66, 67, 68], "summary": {"covered_lines": 19, "num_statements": 19, "percent_covered": 100.0, "percent_covered_display": "100", "missing_lines": 0, "excluded_lines": 0}, "missing_lines": [], "excluded_lines": []}, "FileManager.get_merged_episode_data": {"executed_lines": [76], "summary": {"covered_lines": 1, "num_statements": 1, "percent_covered": 100.0, "percent_covered_display": "100", "missing_lines": 0, "excluded_lines": 0}, "missing_lines": [], "excluded_lines": []}, "FileManager.get_next_episode_number": {"executed_lines": [88, 91, 92, 94, 95, 96], "summary": {"covered_lines": 6, "num_statements": 6, "percent_covered": 100.0, "percent_covered_display": "100", "missing_lines": 0, "excluded_lines": 0}, "missing_lines": [], "excluded_lines": []}, "FileManager.find_all_existing_class_ids": {"executed_lines": [104], "summary": {"covered_lines": 1, "num_statements": 1, "percent_covered": 100.0, "percent_covered_display": "100", "missing_lines": 0, "excluded_lines": 0}, "missing_lines": [], "excluded_lines": []}, "FileManager.cleanup_subscriptions": {"executed_lines": [112], "summary": {"covered_lines": 1, "num_statements": 1, "percent_covered": 100.0, "percent_covered_display": "100", "missing_lines": 0, "excluded_lines": 0}, "missing_lines": [], "excluded_lines": []}, "FileManager.update_subscription_directories": {"executed_lines": [123, 124, 127, 128, 129, 130, 132, 133, 135, 140, 141, 144, 145, 149, 150, 153, 154, 157, 161, 164, 166, 168, 172, 174, 176, 177, 178, 179, 181, 183, 184, 187, 189, 191], "summary": {"covered_lines": 34, "num_statements": 43, "percent_covered": 79.06976744186046, "percent_covered_display": "79", "missing_lines": 9, "excluded_lines": 0}, "missing_lines": [136, 137, 146, 151, 155, 170, 193, 194, 195], "excluded_lines": []}, "FileManager.add_new_subscriptions": {"executed_lines": [207, 208, 209, 211, 213, 214, 217, 218, 219, 220, 223, 226, 230, 233, 234, 235, 238, 240, 241, 244, 245, 246, 247, 248, 250, 252, 253, 255, 256, 259, 260, 263, 264, 266, 267, 268], "summary": {"covered_lines": 36, "num_statements": 37, "percent_covered": 97.29729729729729, "percent_covered_display": "97", "missing_lines": 1, "excluded_lines": 0}, "missing_lines": [227], "excluded_lines": []}, "FileManager._update_preset_media_directory": {"executed_lines": [277, 278, 280, 281, 284, 285, 287, 288, 289, 292, 293, 295, 296, 299, 300], "summary": {"covered_lines": 15, "num_statements": 15, "percent_covered": 100.0, "percent_covered_display": "100", "missing_lines": 0, "excluded_lines": 0}, "missing_lines": [], "excluded_lines": []}, "FileManager.validate_and_resolve_subscription_conflicts": {"executed_lines": [317, 318, 319, 320, 321, 324, 325, 326, 327, 329, 330, 332, 337, 338, 342, 343, 346, 347, 349, 351, 352, 354, 356, 357, 360, 365, 366, 369, 370, 374, 376, 377, 380, 381, 385, 386, 389, 390, 391, 396, 397, 400, 401, 404, 405, 407, 409, 411, 413, 416, 418, 424, 425, 427, 428, 429, 430, 433, 435, 437, 440, 442, 443, 445, 447, 452, 454, 456, 457, 458, 459, 460, 464, 465, 468, 469, 471, 472, 474, 475, 479, 480, 481, 483, 484, 488], "summary": {"covered_lines": 86, "num_statements": 104, "percent_covered": 82.6923076923077, "percent_covered_display": "83", "missing_lines": 18, "excluded_lines": 0}, "missing_lines": [333, 334, 339, 361, 362, 371, 378, 382, 421, 422, 450, 461, 462, 482, 486, 490, 491, 492], "excluded_lines": []}, "FileManager._titles_would_conflict": {"executed_lines": [505, 506, 510, 512, 516, 517, 520, 524, 525, 528], "summary": {"covered_lines": 10, "num_statements": 11, "percent_covered": 90.9090909090909, "percent_covered_display": "91", "missing_lines": 1, "excluded_lines": 0}, "missing_lines": [521], "excluded_lines": []}, "FileManager._titles_would_conflict.extract_key_words": {"executed_lines": [513, 514], "summary": {"covered_lines": 2, "num_statements": 2, "percent_covered": 100.0, "percent_covered_display": "100", "missing_lines": 0, "excluded_lines": 0}, "missing_lines": [], "excluded_lines": []}, "FileManager.validate_directories": {"executed_lines": [536, 539, 540, 541, 543, 544, 547, 548, 549, 557, 558, 561, 563, 564, 566, 567, 568, 569, 571, 572, 573, 574, 576, 577], "summary": {"covered_lines": 24, "num_statements": 30, "percent_covered": 80.0, "percent_covered_display": "80", "missing_lines": 6, "excluded_lines": 0}, "missing_lines": [550, 551, 552, 553, 554, 559], "excluded_lines": []}, "FileManager.repair_directory_structure": {"executed_lines": [588, 592, 598], "summary": {"covered_lines": 3, "num_statements": 3, "percent_covered": 100.0, "percent_covered_display": "100", "missing_lines": 0, "excluded_lines": 0}, "missing_lines": [], "excluded_lines": []}, "": {"executed_lines": [1, 3, 4, 6, 7, 8, 9, 10, 12, 15, 16, 18, 70, 78, 98, 106, 114, 197, 270, 307, 494, 530, 579], "summary": {"covered_lines": 21, "num_statements": 21, "percent_covered": 100.0, "percent_covered_display": "100", "missing_lines": 0, "excluded_lines": 0}, "missing_lines": [], "excluded_lines": []}}, "classes": {"FileManager": {"executed_lines": [31, 32, 35, 36, 37, 40, 41, 42, 43, 46, 47, 48, 55, 61, 64, 65, 66, 67, 68, 76, 88, 91, 92, 94, 95, 96, 104, 112, 123, 124, 127, 128, 129, 130, 132, 133, 135, 140, 141, 144, 145, 149, 150, 153, 154, 157, 161, 164, 166, 168, 172, 174, 176, 177, 178, 179, 181, 183, 184, 187, 189, 191, 207, 208, 209, 211, 213, 214, 217, 218, 219, 220, 223, 226, 230, 233, 234, 235, 238, 240, 241, 244, 245, 246, 247, 248, 250, 252, 253, 255, 256, 259, 260, 263, 264, 266, 267, 268, 277, 278, 280, 281, 284, 285, 287, 288, 289, 292, 293, 295, 296, 299, 300, 317, 318, 319, 320, 321, 324, 325, 326, 327, 329, 330, 332, 337, 338, 342, 343, 346, 347, 349, 351, 352, 354, 356, 357, 360, 365, 366, 369, 370, 374, 376, 377, 380, 381, 385, 386, 389, 390, 391, 396, 397, 400, 401, 404, 405, 407, 409, 411, 413, 416, 418, 424, 425, 427, 428, 429, 430, 433, 435, 437, 440, 442, 443, 445, 447, 452, 454, 456, 457, 458, 459, 460, 464, 465, 468, 469, 471, 472, 474, 475, 479, 480, 481, 483, 484, 488, 505, 506, 510, 512, 513, 514, 516, 517, 520, 524, 525, 528, 536, 539, 540, 541, 543, 544, 547, 548, 549, 557, 558, 561, 563, 564, 566, 567, 568, 569, 571, 572, 573, 574, 576, 577, 588, 592, 598], "summary": {"covered_lines": 238, "num_statements": 273, "percent_covered": 87.17948717948718, "percent_covered_display": "87", "missing_lines": 35, "excluded_lines": 0}, "missing_lines": [136, 137, 146, 151, 155, 170, 193, 194, 195, 227, 333, 334, 339, 361, 362, 371, 378, 382, 421, 422, 450, 461, 462, 482, 486, 490, 491, 492, 521, 550, 551, 552, 553, 554, 559], "excluded_lines": []}, "": {"executed_lines": [1, 3, 4, 6, 7, 8, 9, 10, 12, 15, 16, 18, 70, 78, 98, 106, 114, 197, 270, 307, 494, 530, 579], "summary": {"covered_lines": 21, "num_statements": 21, "percent_covered": 100.0, "percent_covered_display": "100", "missing_lines": 0, "excluded_lines": 0}, "missing_lines": [], "excluded_lines": []}}}, "src\\io\\generic_directory_validator.py": {"executed_lines": [1, 3, 4, 5, 6, 7, 9, 10, 11, 12, 14, 17, 18, 19, 20, 21, 22, 23, 24, 25, 26, 29, 30, 31, 32, 33, 34, 35, 38, 39, 41, 51, 52, 53, 56, 57, 58, 59, 60, 61, 66, 67, 68, 69, 70, 71, 75, 81, 85, 88, 91, 92, 93, 94, 95, 97, 99, 102, 103, 104, 111, 112, 114, 119, 120, 121, 123, 125, 126, 128, 137, 139, 141, 142, 144, 145, 146, 147, 150, 151, 153, 155, 165, 166, 167, 168, 169, 170, 173, 175, 190, 191, 192, 196, 205, 208, 209, 210, 213, 214, 217, 218, 222, 225, 226, 229, 230, 231, 232, 234, 237, 240, 241, 242, 243, 244, 245, 246, 258, 259, 271, 281, 282, 283, 284, 285, 292, 294, 295, 296, 298, 303, 304, 305, 309, 311, 320, 322, 323, 326, 328, 338, 339, 340, 341, 342, 344, 345, 346, 356, 365, 368, 369, 370, 371, 372, 373, 375, 376, 377, 431, 433, 460, 469, 472, 473, 474, 475, 476, 479, 480, 481, 488, 490, 508, 518, 519, 522, 523, 524, 525, 528, 530, 531, 532, 534, 536, 538, 548, 551, 552, 553, 557, 560, 566, 568, 569, 570, 572, 573, 574], "summary": {"covered_lines": 197, "num_statements": 302, "percent_covered": 65.23178807947019, "percent_covered_display": "65", "missing_lines": 105, "excluded_lines": 0}, "missing_lines": [62, 63, 72, 73, 82, 83, 96, 105, 106, 107, 108, 115, 116, 184, 185, 186, 194, 211, 233, 235, 247, 248, 251, 252, 253, 254, 255, 256, 269, 286, 287, 288, 299, 306, 307, 324, 348, 349, 350, 351, 353, 354, 366, 379, 380, 381, 382, 383, 386, 389, 392, 393, 394, 396, 397, 400, 402, 403, 404, 405, 408, 410, 413, 414, 416, 417, 418, 419, 421, 424, 425, 427, 428, 429, 439, 441, 442, 445, 446, 448, 449, 450, 453, 454, 456, 457, 458, 500, 502, 503, 504, 506, 533, 554, 555, 577, 578, 579, 581, 582, 583, 584, 585, 586, 587], "excluded_lines": [], "functions": {"GenericDirectoryValidator.__init__": {"executed_lines": [51, 52, 53, 56, 57, 58, 59, 60, 61, 66, 67, 68, 69, 70, 71], "summary": {"covered_lines": 15, "num_statements": 19, "percent_covered": 78.94736842105263, "percent_covered_display": "79", "missing_lines": 4, "excluded_lines": 0}, "missing_lines": [62, 63, 72, 73], "excluded_lines": []}, "GenericDirectoryValidator.validate_and_repair": {"executed_lines": [81, 85, 88, 91, 92, 93, 94, 95, 97, 99, 102, 103, 104, 111, 112, 114, 119, 120, 121, 123, 125, 126], "summary": {"covered_lines": 22, "num_statements": 31, "percent_covered": 70.96774193548387, "percent_covered_display": "71", "missing_lines": 9, "excluded_lines": 0}, "missing_lines": [82, 83, 96, 105, 106, 107, 108, 115, 116], "excluded_lines": []}, "GenericDirectoryValidator._scan_all_episodes": {"executed_lines": [137, 139, 141, 142, 144, 145, 146, 147, 150, 151, 153], "summary": {"covered_lines": 11, "num_statements": 11, "percent_covered": 100.0, "percent_covered_display": "100", "missing_lines": 0, "excluded_lines": 0}, "missing_lines": [], "excluded_lines": []}, "GenericDirectoryValidator._parse_episode_info": {"executed_lines": [165, 166, 167, 168, 169, 170, 173, 175, 190, 191, 192], "summary": {"covered_lines": 11, "num_statements": 15, "percent_covered": 73.33333333333333, "percent_covered_display": "73", "missing_lines": 4, "excluded_lines": 0}, "missing_lines": [184, 185, 186, 194], "excluded_lines": []}, "GenericDirectoryValidator._try_parse_corrupted_episode": {"executed_lines": [205, 208, 209, 210, 213, 214, 217, 218, 222, 225, 226, 229, 230, 231, 232, 234, 237, 240, 241, 242, 243, 244, 245, 246, 258, 259], "summary": {"covered_lines": 26, "num_statements": 38, "percent_covered": 68.42105263157895, "percent_covered_display": "68", "missing_lines": 12, "excluded_lines": 0}, "missing_lines": [211, 233, 235, 247, 248, 251, 252, 253, 254, 255, 256, 269], "excluded_lines": []}, "GenericDirectoryValidator._is_corrupted_location": {"executed_lines": [281, 282, 283, 284, 285, 292, 294, 295, 296, 298, 303, 304, 305, 309], "summary": {"covered_lines": 14, "num_statements": 20, "percent_covered": 70.0, "percent_covered_display": "70", "missing_lines": 6, "excluded_lines": 0}, "missing_lines": [286, 287, 288, 299, 306, 307], "excluded_lines": []}, "GenericDirectoryValidator._repair_corrupted_locations": {"executed_lines": [320, 322, 323, 326], "summary": {"covered_lines": 4, "num_statements": 5, "percent_covered": 80.0, "percent_covered_display": "80", "missing_lines": 1, "excluded_lines": 0}, "missing_lines": [324], "excluded_lines": []}, "GenericDirectoryValidator._repair_single_episode": {"executed_lines": [338, 339, 340, 341, 342, 344, 345, 346], "summary": {"covered_lines": 8, "num_statements": 14, "percent_covered": 57.142857142857146, "percent_covered_display": "57", "missing_lines": 6, "excluded_lines": 0}, "missing_lines": [348, 349, 350, 351, 353, 354], "excluded_lines": []}, "GenericDirectoryValidator._execute_repair_actions": {"executed_lines": [365, 368, 369, 370, 371, 372, 373, 375, 376, 377, 431], "summary": {"covered_lines": 11, "num_statements": 43, "percent_covered": 25.58139534883721, "percent_covered_display": "26", "missing_lines": 32, "excluded_lines": 0}, "missing_lines": [366, 379, 380, 381, 382, 383, 386, 389, 392, 393, 394, 396, 397, 400, 402, 403, 404, 405, 408, 410, 413, 414, 416, 417, 418, 419, 421, 424, 425, 427, 428, 429], "excluded_lines": []}, "GenericDirectoryValidator._cleanup_empty_directories": {"executed_lines": [], "summary": {"covered_lines": 0, "num_statements": 13, "percent_covered": 0.0, "percent_covered_display": "0", "missing_lines": 13, "excluded_lines": 0}, "missing_lines": [439, 441, 442, 445, 446, 448, 449, 450, 453, 454, 456, 457, 458], "excluded_lines": []}, "GenericDirectoryValidator._detect_episode_conflicts": {"executed_lines": [469, 472, 473, 474, 475, 476, 479, 480, 481, 488], "summary": {"covered_lines": 10, "num_statements": 10, "percent_covered": 100.0, "percent_covered_display": "100", "missing_lines": 0, "excluded_lines": 0}, "missing_lines": [], "excluded_lines": []}, "GenericDirectoryValidator._resolve_episode_conflicts": {"executed_lines": [], "summary": {"covered_lines": 0, "num_statements": 5, "percent_covered": 0.0, "percent_covered_display": "0", "missing_lines": 5, "excluded_lines": 0}, "missing_lines": [500, 502, 503, 504, 506], "excluded_lines": []}, "GenericDirectoryValidator._resolve_single_conflict": {"executed_lines": [518, 519, 522, 523, 524, 525, 528, 530, 531, 532, 534, 536], "summary": {"covered_lines": 12, "num_statements": 13, "percent_covered": 92.3076923076923, "percent_covered_display": "92", "missing_lines": 1, "excluded_lines": 0}, "missing_lines": [533], "excluded_lines": []}, "GenericDirectoryValidator._renumber_episode": {"executed_lines": [548, 551, 552, 553, 557, 560, 566, 568, 569, 570, 572, 573, 574], "summary": {"covered_lines": 13, "num_statements": 25, "percent_covered": 52.0, "percent_covered_display": "52", "missing_lines": 12, "excluded_lines": 0}, "missing_lines": [554, 555, 577, 578, 579, 581, 582, 583, 584, 585, 586, 587], "excluded_lines": []}, "": {"executed_lines": [1, 3, 4, 5, 6, 7, 9, 10, 11, 12, 14, 17, 18, 19, 20, 21, 22, 23, 24, 25, 26, 29, 30, 31, 32, 33, 34, 35, 38, 39, 41, 75, 128, 155, 196, 271, 311, 328, 356, 433, 460, 490, 508, 538], "summary": {"covered_lines": 40, "num_statements": 40, "percent_covered": 100.0, "percent_covered_display": "100", "missing_lines": 0, "excluded_lines": 0}, "missing_lines": [], "excluded_lines": []}}, "classes": {"EpisodeInfo": {"executed_lines": [], "summary": {"covered_lines": 0, "num_statements": 0, "percent_covered": 100.0, "percent_covered_display": "100", "missing_lines": 0, "excluded_lines": 0}, "missing_lines": [], "excluded_lines": []}, "ConflictInfo": {"executed_lines": [], "summary": {"covered_lines": 0, "num_statements": 0, "percent_covered": 100.0, "percent_covered_display": "100", "missing_lines": 0, "excluded_lines": 0}, "missing_lines": [], "excluded_lines": []}, "GenericDirectoryValidator": {"executed_lines": [51, 52, 53, 56, 57, 58, 59, 60, 61, 66, 67, 68, 69, 70, 71, 81, 85, 88, 91, 92, 93, 94, 95, 97, 99, 102, 103, 104, 111, 112, 114, 119, 120, 121, 123, 125, 126, 137, 139, 141, 142, 144, 145, 146, 147, 150, 151, 153, 165, 166, 167, 168, 169, 170, 173, 175, 190, 191, 192, 205, 208, 209, 210, 213, 214, 217, 218, 222, 225, 226, 229, 230, 231, 232, 234, 237, 240, 241, 242, 243, 244, 245, 246, 258, 259, 281, 282, 283, 284, 285, 292, 294, 295, 296, 298, 303, 304, 305, 309, 320, 322, 323, 326, 338, 339, 340, 341, 342, 344, 345, 346, 365, 368, 369, 370, 371, 372, 373, 375, 376, 377, 431, 469, 472, 473, 474, 475, 476, 479, 480, 481, 488, 518, 519, 522, 523, 524, 525, 528, 530, 531, 532, 534, 536, 548, 551, 552, 553, 557, 560, 566, 568, 569, 570, 572, 573, 574], "summary": {"covered_lines": 157, "num_statements": 262, "percent_covered": 59.9236641221374, "percent_covered_display": "60", "missing_lines": 105, "excluded_lines": 0}, "missing_lines": [62, 63, 72, 73, 82, 83, 96, 105, 106, 107, 108, 115, 116, 184, 185, 186, 194, 211, 233, 235, 247, 248, 251, 252, 253, 254, 255, 256, 269, 286, 287, 288, 299, 306, 307, 324, 348, 349, 350, 351, 353, 354, 366, 379, 380, 381, 382, 383, 386, 389, 392, 393, 394, 396, 397, 400, 402, 403, 404, 405, 408, 410, 413, 414, 416, 417, 418, 419, 421, 424, 425, 427, 428, 429, 439, 441, 442, 445, 446, 448, 449, 450, 453, 454, 456, 457, 458, 500, 502, 503, 504, 506, 533, 554, 555, 577, 578, 579, 581, 582, 583, 584, 585, 586, 587], "excluded_lines": []}, "": {"executed_lines": [1, 3, 4, 5, 6, 7, 9, 10, 11, 12, 14, 17, 18, 19, 20, 21, 22, 23, 24, 25, 26, 29, 30, 31, 32, 33, 34, 35, 38, 39, 41, 75, 128, 155, 196, 271, 311, 328, 356, 433, 460, 490, 508, 538], "summary": {"covered_lines": 40, "num_statements": 40, "percent_covered": 100.0, "percent_covered_display": "100", "missing_lines": 0, "excluded_lines": 0}, "missing_lines": [], "excluded_lines": []}}}, "src\\io\\generic_episode_manager.py": {"executed_lines": [1, 3, 4, 5, 6, 7, 10, 11, 13, 21, 22, 23, 26, 27, 28, 30, 31, 32, 33, 36, 37, 38, 45, 46, 47, 48, 51, 53, 59, 62, 63, 65, 66, 67, 68, 69, 70, 71, 79, 80, 82, 84, 90, 91, 93, 94, 95, 96, 97, 98, 99, 100, 101, 102, 110, 111, 113, 114, 115, 116, 117, 118, 119, 120, 124, 127, 129, 135, 138, 139, 140, 141, 142, 143, 148, 149, 150, 151, 152, 153, 154, 158], "summary": {"covered_lines": 80, "num_statements": 95, "percent_covered": 84.21052631578948, "percent_covered_display": "84", "missing_lines": 15, "excluded_lines": 0}, "missing_lines": [40, 73, 74, 75, 76, 104, 105, 106, 107, 121, 122, 144, 145, 155, 156], "excluded_lines": [], "functions": {"GenericEpisodeManager.__init__": {"executed_lines": [21, 22, 23, 26, 27, 28, 30, 31, 32, 33, 36, 37, 38, 45, 46, 47, 48, 51], "summary": {"covered_lines": 18, "num_statements": 19, "percent_covered": 94.73684210526316, "percent_covered_display": "95", "missing_lines": 1, "excluded_lines": 0}, "missing_lines": [40], "excluded_lines": []}, "GenericEpisodeManager.get_merged_episode_data": {"executed_lines": [59, 62, 63, 65, 66, 67, 68, 69, 70, 71, 79, 80, 82], "summary": {"covered_lines": 13, "num_statements": 17, "percent_covered": 76.47058823529412, "percent_covered_display": "76", "missing_lines": 4, "excluded_lines": 0}, "missing_lines": [73, 74, 75, 76], "excluded_lines": []}, "GenericEpisodeManager.find_all_existing_class_ids": {"executed_lines": [90, 91, 93, 94, 95, 96, 97, 98, 99, 100, 101, 102, 110, 111, 113, 114, 115, 116, 117, 118, 119, 120, 124, 127], "summary": {"covered_lines": 24, "num_statements": 30, "percent_covered": 80.0, "percent_covered_display": "80", "missing_lines": 6, "excluded_lines": 0}, "missing_lines": [104, 105, 106, 107, 121, 122], "excluded_lines": []}, "GenericEpisodeManager.cleanup_subscriptions": {"executed_lines": [135, 138, 139, 140, 141, 142, 143, 148, 149, 150, 151, 152, 153, 154, 158], "summary": {"covered_lines": 15, "num_statements": 19, "percent_covered": 78.94736842105263, "percent_covered_display": "79", "missing_lines": 4, "excluded_lines": 0}, "missing_lines": [144, 145, 155, 156], "excluded_lines": []}, "": {"executed_lines": [1, 3, 4, 5, 6, 7, 10, 11, 13, 53, 84, 129], "summary": {"covered_lines": 10, "num_statements": 10, "percent_covered": 100.0, "percent_covered_display": "100", "missing_lines": 0, "excluded_lines": 0}, "missing_lines": [], "excluded_lines": []}}, "classes": {"GenericEpisodeManager": {"executed_lines": [21, 22, 23, 26, 27, 28, 30, 31, 32, 33, 36, 37, 38, 45, 46, 47, 48, 51, 59, 62, 63, 65, 66, 67, 68, 69, 70, 71, 79, 80, 82, 90, 91, 93, 94, 95, 96, 97, 98, 99, 100, 101, 102, 110, 111, 113, 114, 115, 116, 117, 118, 119, 120, 124, 127, 135, 138, 139, 140, 141, 142, 143, 148, 149, 150, 151, 152, 153, 154, 158], "summary": {"covered_lines": 70, "num_statements": 85, "percent_covered": 82.3529411764706, "percent_covered_display": "82", "missing_lines": 15, "excluded_lines": 0}, "missing_lines": [40, 73, 74, 75, 76, 104, 105, 106, 107, 121, 122, 144, 145, 155, 156], "excluded_lines": []}, "": {"executed_lines": [1, 3, 4, 5, 6, 7, 10, 11, 13, 53, 84, 129], "summary": {"covered_lines": 10, "num_statements": 10, "percent_covered": 100.0, "percent_covered_display": "100", "missing_lines": 0, "excluded_lines": 0}, "missing_lines": [], "excluded_lines": []}}}, "src\\io\\media_source_strategy.py": {"executed_lines": [1, 8, 9, 10, 11, 13, 16, 17, 18, 21, 24, 27, 30, 31, 32, 33, 34, 35, 36, 39, 40, 42, 43, 55, 56, 69, 70, 72, 73, 87, 88, 90, 91, 103, 104, 106, 107, 111, 112, 116, 117, 121, 122, 126, 127, 141, 142, 144, 151, 152, 154], "summary": {"covered_lines": 42, "num_statements": 56, "percent_covered": 75.0, "percent_covered_display": "75", "missing_lines": 14, "excluded_lines": 0}, "missing_lines": [53, 66, 84, 100, 109, 114, 119, 124, 136, 146, 147, 148, 156, 159], "excluded_lines": [], "functions": {"DirectoryRepairStrategy.can_repair": {"executed_lines": [], "summary": {"covered_lines": 0, "num_statements": 1, "percent_covered": 0.0, "percent_covered_display": "0", "missing_lines": 1, "excluded_lines": 0}, "missing_lines": [53], "excluded_lines": []}, "DirectoryRepairStrategy.generate_repair_actions": {"executed_lines": [], "summary": {"covered_lines": 0, "num_statements": 1, "percent_covered": 0.0, "percent_covered_display": "0", "missing_lines": 1, "excluded_lines": 0}, "missing_lines": [66], "excluded_lines": []}, "EpisodeOrderingStrategy.get_next_episode_number": {"executed_lines": [], "summary": {"covered_lines": 0, "num_statements": 1, "percent_covered": 0.0, "percent_covered_display": "0", "missing_lines": 1, "excluded_lines": 0}, "missing_lines": [84], "excluded_lines": []}, "SeasonOrderingStrategy.determine_season": {"executed_lines": [], "summary": {"covered_lines": 0, "num_statements": 1, "percent_covered": 0.0, "percent_covered_display": "0", "missing_lines": 1, "excluded_lines": 0}, "missing_lines": [100], "excluded_lines": []}, "MediaSourceStrategy.get_directory_pattern": {"executed_lines": [], "summary": {"covered_lines": 0, "num_statements": 1, "percent_covered": 0.0, "percent_covered_display": "0", "missing_lines": 1, "excluded_lines": 0}, "missing_lines": [109], "excluded_lines": []}, "MediaSourceStrategy.get_repair_strategies": {"executed_lines": [], "summary": {"covered_lines": 0, "num_statements": 1, "percent_covered": 0.0, "percent_covered_display": "0", "missing_lines": 1, "excluded_lines": 0}, "missing_lines": [114], "excluded_lines": []}, "MediaSourceStrategy.get_episode_ordering_strategy": {"executed_lines": [], "summary": {"covered_lines": 0, "num_statements": 1, "percent_covered": 0.0, "percent_covered_display": "0", "missing_lines": 1, "excluded_lines": 0}, "missing_lines": [119], "excluded_lines": []}, "MediaSourceStrategy.get_season_ordering_strategy": {"executed_lines": [], "summary": {"covered_lines": 0, "num_statements": 1, "percent_covered": 0.0, "percent_covered_display": "0", "missing_lines": 1, "excluded_lines": 0}, "missing_lines": [124], "excluded_lines": []}, "MediaSourceStrategy.parse_episode_info": {"executed_lines": [], "summary": {"covered_lines": 0, "num_statements": 1, "percent_covered": 0.0, "percent_covered_display": "0", "missing_lines": 1, "excluded_lines": 0}, "missing_lines": [136], "excluded_lines": []}, "IncrementalEpisodeOrdering.get_next_episode_number": {"executed_lines": [], "summary": {"covered_lines": 0, "num_statements": 3, "percent_covered": 0.0, "percent_covered_display": "0", "missing_lines": 3, "excluded_lines": 0}, "missing_lines": [146, 147, 148], "excluded_lines": []}, "DurationBasedSeasonOrdering.determine_season": {"executed_lines": [], "summary": {"covered_lines": 0, "num_statements": 2, "percent_covered": 0.0, "percent_covered_display": "0", "missing_lines": 2, "excluded_lines": 0}, "missing_lines": [156, 159], "excluded_lines": []}, "": {"executed_lines": [1, 8, 9, 10, 11, 13, 16, 17, 18, 21, 24, 27, 30, 31, 32, 33, 34, 35, 36, 39, 40, 42, 43, 55, 56, 69, 70, 72, 73, 87, 88, 90, 91, 103, 104, 106, 107, 111, 112, 116, 117, 121, 122, 126, 127, 141, 142, 144, 151, 152, 154], "summary": {"covered_lines": 42, "num_statements": 42, "percent_covered": 100.0, "percent_covered_display": "100", "missing_lines": 0, "excluded_lines": 0}, "missing_lines": [], "excluded_lines": []}}, "classes": {"DirectoryPattern": {"executed_lines": [], "summary": {"covered_lines": 0, "num_statements": 0, "percent_covered": 100.0, "percent_covered_display": "100", "missing_lines": 0, "excluded_lines": 0}, "missing_lines": [], "excluded_lines": []}, "RepairAction": {"executed_lines": [], "summary": {"covered_lines": 0, "num_statements": 0, "percent_covered": 100.0, "percent_covered_display": "100", "missing_lines": 0, "excluded_lines": 0}, "missing_lines": [], "excluded_lines": []}, "DirectoryRepairStrategy": {"executed_lines": [], "summary": {"covered_lines": 0, "num_statements": 2, "percent_covered": 0.0, "percent_covered_display": "0", "missing_lines": 2, "excluded_lines": 0}, "missing_lines": [53, 66], "excluded_lines": []}, "EpisodeOrderingStrategy": {"executed_lines": [], "summary": {"covered_lines": 0, "num_statements": 1, "percent_covered": 0.0, "percent_covered_display": "0", "missing_lines": 1, "excluded_lines": 0}, "missing_lines": [84], "excluded_lines": []}, "SeasonOrderingStrategy": {"executed_lines": [], "summary": {"covered_lines": 0, "num_statements": 1, "percent_covered": 0.0, "percent_covered_display": "0", "missing_lines": 1, "excluded_lines": 0}, "missing_lines": [100], "excluded_lines": []}, "MediaSourceStrategy": {"executed_lines": [], "summary": {"covered_lines": 0, "num_statements": 5, "percent_covered": 0.0, "percent_covered_display": "0", "missing_lines": 5, "excluded_lines": 0}, "missing_lines": [109, 114, 119, 124, 136], "excluded_lines": []}, "IncrementalEpisodeOrdering": {"executed_lines": [], "summary": {"covered_lines": 0, "num_statements": 3, "percent_covered": 0.0, "percent_covered_display": "0", "missing_lines": 3, "excluded_lines": 0}, "missing_lines": [146, 147, 148], "excluded_lines": []}, "DurationBasedSeasonOrdering": {"executed_lines": [], "summary": {"covered_lines": 0, "num_statements": 2, "percent_covered": 0.0, "percent_covered_display": "0", "missing_lines": 2, "excluded_lines": 0}, "missing_lines": [156, 159], "excluded_lines": []}, "": {"executed_lines": [1, 8, 9, 10, 11, 13, 16, 17, 18, 21, 24, 27, 30, 31, 32, 33, 34, 35, 36, 39, 40, 42, 43, 55, 56, 69, 70, 72, 73, 87, 88, 90, 91, 103, 104, 106, 107, 111, 112, 116, 117, 121, 122, 126, 127, 141, 142, 144, 151, 152, 154], "summary": {"covered_lines": 42, "num_statements": 42, "percent_covered": 100.0, "percent_covered_display": "100", "missing_lines": 0, "excluded_lines": 0}, "missing_lines": [], "excluded_lines": []}}}, "src\\io\\peloton\\__init__.py": {"executed_lines": [1], "summary": {"covered_lines": 0, "num_statements": 0, "percent_covered": 100.0, "percent_covered_display": "100", "missing_lines": 0, "excluded_lines": 0}, "missing_lines": [], "excluded_lines": [], "functions": {"": {"executed_lines": [1], "summary": {"covered_lines": 0, "num_statements": 0, "percent_covered": 100.0, "percent_covered_display": "100", "missing_lines": 0, "excluded_lines": 0}, "missing_lines": [], "excluded_lines": []}}, "classes": {"": {"executed_lines": [1], "summary": {"covered_lines": 0, "num_statements": 0, "percent_covered": 100.0, "percent_covered_display": "100", "missing_lines": 0, "excluded_lines": 0}, "missing_lines": [], "excluded_lines": []}}}, "src\\io\\peloton\\activity_based_path_strategy.py": {"executed_lines": [1, 3, 4, 5, 6, 7, 10, 11, 13, 14, 17, 18, 24, 32, 51, 60, 62, 65, 66, 67, 70, 71, 74, 75, 78, 83, 84, 87, 88, 89, 91, 93, 96, 97, 100, 101, 104, 105, 107, 109, 111, 112, 114, 115], "summary": {"covered_lines": 42, "num_statements": 53, "percent_covered": 79.24528301886792, "percent_covered_display": "79", "missing_lines": 11, "excluded_lines": 0}, "missing_lines": [26, 41, 44, 45, 48, 49, 68, 79, 80, 108, 110], "excluded_lines": [], "functions": {"ActivityBasedPathStrategy.__init__": {"executed_lines": [14, 17, 18], "summary": {"covered_lines": 3, "num_statements": 3, "percent_covered": 100.0, "percent_covered_display": "100", "missing_lines": 0, "excluded_lines": 0}, "missing_lines": [], "excluded_lines": []}, "ActivityBasedPathStrategy.get_directory_pattern": {"executed_lines": [], "summary": {"covered_lines": 0, "num_statements": 1, "percent_covered": 0.0, "percent_covered_display": "0", "missing_lines": 1, "excluded_lines": 0}, "missing_lines": [26], "excluded_lines": []}, "ActivityBasedPathStrategy.validate_path": {"executed_lines": [], "summary": {"covered_lines": 0, "num_statements": 5, "percent_covered": 0.0, "percent_covered_display": "0", "missing_lines": 5, "excluded_lines": 0}, "missing_lines": [41, 44, 45, 48, 49], "excluded_lines": []}, "ActivityBasedPathStrategy.parse_episode_info": {"executed_lines": [60, 62, 65, 66, 67, 70, 71, 74, 75, 78, 83, 84, 87, 88, 89, 91], "summary": {"covered_lines": 16, "num_statements": 19, "percent_covered": 84.21052631578948, "percent_covered_display": "84", "missing_lines": 3, "excluded_lines": 0}, "missing_lines": [68, 79, 80], "excluded_lines": []}, "ActivityBasedPathStrategy._map_activity_name": {"executed_lines": [96, 97, 100, 101, 104, 105, 107, 109, 111, 112, 114, 115], "summary": {"covered_lines": 12, "num_statements": 14, "percent_covered": 85.71428571428571, "percent_covered_display": "86", "missing_lines": 2, "excluded_lines": 0}, "missing_lines": [108, 110], "excluded_lines": []}, "": {"executed_lines": [1, 3, 4, 5, 6, 7, 10, 11, 13, 24, 32, 51, 93], "summary": {"covered_lines": 11, "num_statements": 11, "percent_covered": 100.0, "percent_covered_display": "100", "missing_lines": 0, "excluded_lines": 0}, "missing_lines": [], "excluded_lines": []}}, "classes": {"ActivityBasedPathStrategy": {"executed_lines": [14, 17, 18, 60, 62, 65, 66, 67, 70, 71, 74, 75, 78, 83, 84, 87, 88, 89, 91, 96, 97, 100, 101, 104, 105, 107, 109, 111, 112, 114, 115], "summary": {"covered_lines": 31, "num_statements": 42, "percent_covered": 73.80952380952381, "percent_covered_display": "74", "missing_lines": 11, "excluded_lines": 0}, "missing_lines": [26, 41, 44, 45, 48, 49, 68, 79, 80, 108, 110], "excluded_lines": []}, "": {"executed_lines": [1, 3, 4, 5, 6, 7, 10, 11, 13, 24, 32, 51, 93], "summary": {"covered_lines": 11, "num_statements": 11, "percent_covered": 100.0, "percent_covered_display": "100", "missing_lines": 0, "excluded_lines": 0}, "missing_lines": [], "excluded_lines": []}}}, "src\\io\\peloton\\episodes_from_disk.py": {"executed_lines": [1, 3, 4, 5, 6, 7, 8, 11, 12, 14, 21, 22, 23, 24, 26, 32, 33, 34, 36, 37, 40, 42, 43, 45, 48, 51, 53, 54, 56, 59, 60, 63, 65, 66, 68, 74, 78, 79, 82, 83, 84, 86, 87, 88, 89, 90, 93, 94, 95, 100, 101, 103, 105, 107, 110, 111, 112, 113, 115, 116, 119, 120, 123, 126, 127, 130, 131, 133, 134, 136], "summary": {"covered_lines": 68, "num_statements": 75, "percent_covered": 90.66666666666667, "percent_covered_display": "91", "missing_lines": 7, "excluded_lines": 0}, "missing_lines": [49, 75, 76, 96, 97, 98, 124], "excluded_lines": [], "functions": {"EpisodesFromDisk.__init__": {"executed_lines": [21, 22, 23, 24], "summary": {"covered_lines": 4, "num_statements": 4, "percent_covered": 100.0, "percent_covered_display": "100", "missing_lines": 0, "excluded_lines": 0}, "missing_lines": [], "excluded_lines": []}, "EpisodesFromDisk.parse_episodes": {"executed_lines": [32, 33, 34, 36, 37, 40, 42, 43, 45, 48, 51, 53, 54, 56, 59, 60, 63, 65, 66], "summary": {"covered_lines": 19, "num_statements": 20, "percent_covered": 95.0, "percent_covered_display": "95", "missing_lines": 1, "excluded_lines": 0}, "missing_lines": [49], "excluded_lines": []}, "EpisodesFromDisk.find_existing_class_ids": {"executed_lines": [74, 78, 79, 82, 83, 84, 86, 87, 88, 89, 90, 93, 94, 95, 100, 101], "summary": {"covered_lines": 16, "num_statements": 21, "percent_covered": 76.19047619047619, "percent_covered_display": "76", "missing_lines": 5, "excluded_lines": 0}, "missing_lines": [75, 76, 96, 97, 98], "excluded_lines": []}, "EpisodesFromDisk._fallback_parse_episode_info": {"executed_lines": [105, 107, 110, 111, 112, 113, 115, 116, 119, 120, 123, 126, 127, 130, 131, 133, 134, 136], "summary": {"covered_lines": 18, "num_statements": 19, "percent_covered": 94.73684210526316, "percent_covered_display": "95", "missing_lines": 1, "excluded_lines": 0}, "missing_lines": [124], "excluded_lines": []}, "": {"executed_lines": [1, 3, 4, 5, 6, 7, 8, 11, 12, 14, 26, 68, 103], "summary": {"covered_lines": 11, "num_statements": 11, "percent_covered": 100.0, "percent_covered_display": "100", "missing_lines": 0, "excluded_lines": 0}, "missing_lines": [], "excluded_lines": []}}, "classes": {"EpisodesFromDisk": {"executed_lines": [21, 22, 23, 24, 32, 33, 34, 36, 37, 40, 42, 43, 45, 48, 51, 53, 54, 56, 59, 60, 63, 65, 66, 74, 78, 79, 82, 83, 84, 86, 87, 88, 89, 90, 93, 94, 95, 100, 101, 105, 107, 110, 111, 112, 113, 115, 116, 119, 120, 123, 126, 127, 130, 131, 133, 134, 136], "summary": {"covered_lines": 57, "num_statements": 64, "percent_covered": 89.0625, "percent_covered_display": "89", "missing_lines": 7, "excluded_lines": 0}, "missing_lines": [49, 75, 76, 96, 97, 98, 124], "excluded_lines": []}, "": {"executed_lines": [1, 3, 4, 5, 6, 7, 8, 11, 12, 14, 26, 68, 103], "summary": {"covered_lines": 11, "num_statements": 11, "percent_covered": 100.0, "percent_covered_display": "100", "missing_lines": 0, "excluded_lines": 0}, "missing_lines": [], "excluded_lines": []}}}, "src\\io\\peloton\\episodes_from_subscriptions.py": {"executed_lines": [1, 3, 4, 5, 6, 7, 8, 9, 12, 13, 15, 21, 22, 23, 25, 31, 32, 33, 35, 36, 37, 38, 44, 48, 49, 52, 53, 58, 59, 63, 64, 65, 66, 68, 69, 72, 73, 76, 79, 80, 81, 82, 83, 85, 88, 89, 90, 91, 92, 94, 98, 100, 106, 110, 111, 113, 114, 115, 119, 120, 123, 124, 125, 129, 140, 141, 143, 145, 149, 150, 154, 155, 157, 158, 159, 161, 164, 165, 166, 169, 170, 172, 173, 177, 179, 180, 183, 184, 200, 201, 208, 217, 221, 222, 223, 225, 227, 229, 230, 232, 236, 237, 240, 241, 246, 247, 251, 252, 253, 257, 258, 259, 260, 261, 262, 265, 266, 267, 270, 275, 276, 277, 280, 281, 282, 284], "summary": {"covered_lines": 124, "num_statements": 171, "percent_covered": 72.51461988304094, "percent_covered_display": "73", "missing_lines": 47, "excluded_lines": 0}, "missing_lines": [39, 40, 41, 45, 46, 54, 55, 60, 96, 107, 108, 130, 131, 132, 133, 134, 136, 137, 138, 146, 151, 185, 186, 187, 190, 191, 193, 194, 195, 197, 204, 206, 218, 219, 233, 234, 242, 243, 248, 254, 271, 272, 286, 287, 289, 290, 291], "excluded_lines": [], "functions": {"EpisodesFromSubscriptions.__init__": {"executed_lines": [21, 22, 23], "summary": {"covered_lines": 3, "num_statements": 3, "percent_covered": 100.0, "percent_covered_display": "100", "missing_lines": 0, "excluded_lines": 0}, "missing_lines": [], "excluded_lines": []}, "EpisodesFromSubscriptions.parse_episodes": {"executed_lines": [31, 32, 33, 35, 36, 37, 38, 44, 48, 49, 52, 53, 58, 59, 63, 64, 65, 66, 68, 69, 72, 73, 76, 79, 80, 81, 82, 83, 85, 88, 89, 90, 91, 92, 94, 98], "summary": {"covered_lines": 36, "num_statements": 45, "percent_covered": 80.0, "percent_covered_display": "80", "missing_lines": 9, "excluded_lines": 0}, "missing_lines": [39, 40, 41, 45, 46, 54, 55, 60, 96], "excluded_lines": []}, "EpisodesFromSubscriptions.find_subscription_class_ids": {"executed_lines": [106, 110, 111, 113, 114, 115, 119, 120, 123, 124, 125, 129, 140, 141], "summary": {"covered_lines": 14, "num_statements": 24, "percent_covered": 58.333333333333336, "percent_covered_display": "58", "missing_lines": 10, "excluded_lines": 0}, "missing_lines": [107, 108, 130, 131, 132, 133, 134, 136, 137, 138], "excluded_lines": []}, "EpisodesFromSubscriptions._parse_episode_from_config": {"executed_lines": [145, 149, 150, 154, 155, 157, 158, 159, 161, 164, 165, 166, 169, 170, 172, 173, 177, 179, 180, 183, 184, 200, 201], "summary": {"covered_lines": 23, "num_statements": 36, "percent_covered": 63.888888888888886, "percent_covered_display": "64", "missing_lines": 13, "excluded_lines": 0}, "missing_lines": [146, 151, 185, 186, 187, 190, 191, 193, 194, 195, 197, 204, 206], "excluded_lines": []}, "EpisodesFromSubscriptions.remove_existing_classes": {"executed_lines": [217, 221, 222, 223, 225, 227, 229, 230, 232, 236, 237, 240, 241, 246, 247, 251, 252, 253, 257, 258, 259, 260, 261, 262, 265, 266, 267, 270, 275, 276, 277, 280, 281, 282, 284], "summary": {"covered_lines": 35, "num_statements": 50, "percent_covered": 70.0, "percent_covered_display": "70", "missing_lines": 15, "excluded_lines": 0}, "missing_lines": [218, 219, 233, 234, 242, 243, 248, 254, 271, 272, 286, 287, 289, 290, 291], "excluded_lines": []}, "": {"executed_lines": [1, 3, 4, 5, 6, 7, 8, 9, 12, 13, 15, 25, 100, 143, 208], "summary": {"covered_lines": 13, "num_statements": 13, "percent_covered": 100.0, "percent_covered_display": "100", "missing_lines": 0, "excluded_lines": 0}, "missing_lines": [], "excluded_lines": []}}, "classes": {"EpisodesFromSubscriptions": {"executed_lines": [21, 22, 23, 31, 32, 33, 35, 36, 37, 38, 44, 48, 49, 52, 53, 58, 59, 63, 64, 65, 66, 68, 69, 72, 73, 76, 79, 80, 81, 82, 83, 85, 88, 89, 90, 91, 92, 94, 98, 106, 110, 111, 113, 114, 115, 119, 120, 123, 124, 125, 129, 140, 141, 145, 149, 150, 154, 155, 157, 158, 159, 161, 164, 165, 166, 169, 170, 172, 173, 177, 179, 180, 183, 184, 200, 201, 217, 221, 222, 223, 225, 227, 229, 230, 232, 236, 237, 240, 241, 246, 247, 251, 252, 253, 257, 258, 259, 260, 261, 262, 265, 266, 267, 270, 275, 276, 277, 280, 281, 282, 284], "summary": {"covered_lines": 111, "num_statements": 158, "percent_covered": 70.25316455696202, "percent_covered_display": "70", "missing_lines": 47, "excluded_lines": 0}, "missing_lines": [39, 40, 41, 45, 46, 54, 55, 60, 96, 107, 108, 130, 131, 132, 133, 134, 136, 137, 138, 146, 151, 185, 186, 187, 190, 191, 193, 194, 195, 197, 204, 206, 218, 219, 233, 234, 242, 243, 248, 254, 271, 272, 286, 287, 289, 290, 291], "excluded_lines": []}, "": {"executed_lines": [1, 3, 4, 5, 6, 7, 8, 9, 12, 13, 15, 25, 
[...]
tus": {"executed_lines": [], "summary": {"covered_lines": 0, "num_statements": 0, "percent_covered": 100.0, "percent_covered_display": "100", "missing_lines": 0, "excluded_lines": 0}, "missing_lines": [], "excluded_lines": []}, "ScrapedClass": {"executed_lines": [153, 154, 155, 158, 159, 160, 162, 165, 166, 168], "summary": {"covered_lines": 10, "num_statements": 10, "percent_covered": 100.0, "percent_covered_display": "100", "missing_lines": 0, "excluded_lines": 0}, "missing_lines": [], "excluded_lines": []}, "ScrapingResult": {"executed_lines": [191, 192, 194, 195, 196, 199, 200, 201, 204, 205, 206, 207, 208, 211, 212, 214, 215, 216, 217, 218, 219, 222, 224], "summary": {"covered_lines": 23, "num_statements": 23, "percent_covered": 100.0, "percent_covered_display": "100", "missing_lines": 0, "excluded_lines": 0}, "missing_lines": [], "excluded_lines": []}, "ScrapingConfig": {"executed_lines": [], "summary": {"covered_lines": 0, "num_statements": 0, "percent_covered": 100.0, "percent_covered_display": "100", "missing_lines": 0, "excluded_lines": 0}, "missing_lines": [], "excluded_lines": []}, "": {"executed_lines": [1, 3, 4, 5, 6, 9, 18, 19, 22, 26, 36, 37, 40, 43, 52, 53, 56, 60, 76, 77, 80, 83, 84, 87, 89, 92, 101, 102, 104, 106, 107, 110, 120, 121, 123, 124, 125, 128, 129, 130, 131, 132, 133, 134, 137, 138, 139, 140, 141, 142, 143, 144, 145, 146, 147, 148, 150, 178, 179, 180, 181, 182, 183, 184, 185, 186, 187, 189, 227, 228, 229, 230, 231, 232, 233, 234, 235, 236, 237, 238, 239], "summary": {"covered_lines": 76, "num_statements": 76, "percent_covered": 100.0, "percent_covered_display": "100", "missing_lines": 0, "excluded_lines": 0}, "missing_lines": [], "excluded_lines": []}}}, "src\\webscraper\\peloton\\__init__.py": {"executed_lines": [1], "summary": {"covered_lines": 0, "num_statements": 0, "percent_covered": 100.0, "percent_covered_display": "100", "missing_lines": 0, "excluded_lines": 0}, "missing_lines": [], "excluded_lines": [], "functions": {"": {"executed_lines": [1], "summary": {"covered_lines": 0, "num_statements": 0, "percent_covered": 100.0, "percent_covered_display": "100", "missing_lines": 0, "excluded_lines": 0}, "missing_lines": [], "excluded_lines": []}}, "classes": {"": {"executed_lines": [1], "summary": {"covered_lines": 0, "num_statements": 0, "percent_covered": 100.0, "percent_covered_display": "100", "missing_lines": 0, "excluded_lines": 0}, "missing_lines": [], "excluded_lines": []}}}, "src\\webscraper\\peloton\\login_strategy.py": {"executed_lines": [1, 3, 4, 5, 6, 8, 11, 12, 14, 15, 16, 18, 30, 31, 32, 33, 36, 37, 38, 41, 42, 43, 46, 47, 48, 51, 52, 56, 57, 58, 59, 61, 62, 64, 65, 66, 67, 68, 69], "summary": {"covered_lines": 37, "num_statements": 37, "percent_covered": 100.0, "percent_covered_display": "100", "missing_lines": 0, "excluded_lines": 0}, "missing_lines": [], "excluded_lines": [], "functions": {"PelotonLoginStrategy.__init__": {"executed_lines": [15, 16], "summary": {"covered_lines": 2, "num_statements": 2, "percent_covered": 100.0, "percent_covered_display": "100", "missing_lines": 0, "excluded_lines": 0}, "missing_lines": [], "excluded_lines": []}, "PelotonLoginStrategy.login": {"executed_lines": [30, 31, 32, 33, 36, 37, 38, 41, 42, 43, 46, 47, 48, 51, 52, 56, 57, 58, 59, 61, 62, 64, 65, 66, 67, 68, 69], "summary": {"covered_lines": 27, "num_statements": 27, "percent_covered": 100.0, "percent_covered_display": "100", "missing_lines": 0, "excluded_lines": 0}, "missing_lines": [], "excluded_lines": []}, "": {"executed_lines": [1, 3, 4, 5, 6, 8, 11, 12, 14, 18], "summary": {"covered_lines": 8, "num_statements": 8, "percent_covered": 100.0, "percent_covered_display": "100", "missing_lines": 0, "excluded_lines": 0}, "missing_lines": [], "excluded_lines": []}}, "classes": {"PelotonLoginStrategy": {"executed_lines": [15, 16, 30, 31, 32, 33, 36, 37, 38, 41, 42, 43, 46, 47, 48, 51, 52, 56, 57, 58, 59, 61, 62, 64, 65, 66, 67, 68, 69], "summary": {"covered_lines": 29, "num_statements": 29, "percent_covered": 100.0, "percent_covered_display": "100", "missing_lines": 0, "excluded_lines": 0}, "missing_lines": [], "excluded_lines": []}, "": {"executed_lines": [1, 3, 4, 5, 6, 8, 11, 12, 14, 18], "summary": {"covered_lines": 8, "num_statements": 8, "percent_covered": 100.0, "percent_covered_display": "100", "missing_lines": 0, "excluded_lines": 0}, "missing_lines": [], "excluded_lines": []}}}, "src\\webscraper\\peloton\\scraper_strategy.py": {"executed_lines": [1, 3, 4, 5, 6, 7, 8, 9, 10, 12, 13, 16, 17, 20, 22, 23, 24, 26, 37, 38, 40, 42, 43, 46, 49, 50, 52, 53, 54, 56, 57, 58, 59, 61, 63, 64, 66, 67, 68, 69, 72, 73, 74, 77, 78, 79, 80, 83, 86, 88, 90, 102, 104, 112, 115, 124, 125, 126, 136, 138, 140, 141, 144, 145, 148, 149, 150, 151, 153, 154, 155, 157, 163, 164, 165, 166, 167, 168, 170, 173, 174, 175, 178, 179, 180, 183, 184, 186, 188, 189, 190, 191, 192], "summary": {"covered_lines": 91, "num_statements": 100, "percent_covered": 91.0, "percent_covered_display": "91", "missing_lines": 9, "excluded_lines": 0}, "missing_lines": [87, 105, 107, 108, 109, 110, 193, 194, 195], "excluded_lines": [], "functions": {"PelotonScraperStrategy.get_activity_url": {"executed_lines": [22, 23, 24], "summary": {"covered_lines": 3, "num_statements": 3, "percent_covered": 100.0, "percent_covered_display": "100", "missing_lines": 0, "excluded_lines": 0}, "missing_lines": [], "excluded_lines": []}, "PelotonScraperStrategy.scrape_activity": {"executed_lines": [37, 38, 40, 42, 43, 46, 49, 50, 52, 53, 54, 56, 57, 58, 59, 61, 63, 64, 66, 67, 68, 69, 72, 73, 74, 77, 78, 79, 80, 83, 86, 88, 90, 102, 104, 112, 115, 124, 125, 126], "summary": {"covered_lines": 40, "num_statements": 46, "percent_covered": 86.95652173913044, "percent_covered_display": "87", "missing_lines": 6, "excluded_lines": 0}, "missing_lines": [87, 105, 107, 108, 109, 110], "excluded_lines": []}, "PelotonScraperStrategy.extract_class_metadata": {"executed_lines": [138, 140, 141, 144, 145, 148, 149, 150, 151, 153, 154, 155, 157, 163, 164, 165, 166, 167, 168], "summary": {"covered_lines": 19, "num_statements": 19, "percent_covered": 100.0, "percent_covered_display": "100", "missing_lines": 0, "excluded_lines": 0}, "missing_lines": [], "excluded_lines": []}, "PelotonScraperStrategy.extract_duration_from_title": {"executed_lines": [173, 174, 175, 178, 179, 180, 183, 184], "summary": {"covered_lines": 8, "num_statements": 8, "percent_covered": 100.0, "percent_covered_display": "100", "missing_lines": 0, "excluded_lines": 0}, "missing_lines": [], "excluded_lines": []}, "PelotonScraperStrategy._extract_class_id": {"executed_lines": [188, 189, 190, 191, 192], "summary": {"covered_lines": 5, "num_statements": 8, "percent_covered": 62.5, "percent_covered_display": "62", "missing_lines": 3, "excluded_lines": 0}, "missing_lines": [193, 194, 195], "excluded_lines": []}, "": {"executed_lines": [1, 3, 4, 5, 6, 7, 8, 9, 10, 12, 13, 16, 17, 20, 26, 136, 170, 186], "summary": {"covered_lines": 16, "num_statements": 16, "percent_covered": 100.0, "percent_covered_display": "100", "missing_lines": 0, "excluded_lines": 0}, "missing_lines": [], "excluded_lines": []}}, "classes": {"PelotonScraperStrategy": {"executed_lines": [22, 23, 24, 37, 38, 40, 42, 43, 46, 49, 50, 52, 53, 54, 56, 57, 58, 59, 61, 63, 64, 66, 67, 68, 69, 72, 73, 74, 77, 78, 79, 80, 83, 86, 88, 90, 102, 104, 112, 115, 124, 125, 126, 138, 140, 141, 144, 145, 148, 149, 150, 151, 153, 154, 155, 157, 163, 164, 165, 166, 167, 168, 173, 174, 175, 178, 179, 180, 183, 184, 188, 189, 190, 191, 192], "summary": {"covered_lines": 75, "num_statements": 84, "percent_covered": 89.28571428571429, "percent_covered_display": "89", "missing_lines": 9, "excluded_lines": 0}, "missing_lines": [87, 105, 107, 108, 109, 110, 193, 194, 195], "excluded_lines": []}, "": {"executed_lines": [1, 3, 4, 5, 6, 7, 8, 9, 10, 12, 13, 16, 17, 20, 26, 136, 170, 186], "summary": {"covered_lines": 16, "num_statements": 16, "percent_covered": 100.0, "percent_covered_display": "100", "missing_lines": 0, "excluded_lines": 0}, "missing_lines": [], "excluded_lines": []}}}, "src\\webscraper\\scraper_factory.py": {"executed_lines": [1, 3, 4, 5, 6, 7, 9, 12, 13, 15, 16, 26, 28, 29, 30, 32, 33, 36, 37, 38, 41, 42, 45, 50, 53, 54, 55, 57, 58, 61, 66, 67, 69, 70, 71, 73, 74, 84, 86, 87, 88, 89, 90, 91, 93, 95], "summary": {"covered_lines": 44, "num_statements": 44, "percent_covered": 100.0, "percent_covered_display": "100", "missing_lines": 0, "excluded_lines": 0}, "missing_lines": [], "excluded_lines": [], "functions": {"ScraperFactory.create_scraper": {"executed_lines": [26, 28, 29, 30, 32, 33, 36, 37, 38, 41, 42, 45, 50, 53, 54, 55, 57, 58, 61, 66, 67, 69, 70, 71], "summary": {"covered_lines": 24, "num_statements": 24, "percent_covered": 100.0, "percent_covered_display": "100", "missing_lines": 0, "excluded_lines": 0}, "missing_lines": [], "excluded_lines": []}, "ScraperFactory.create_scrapers_from_config": {"executed_lines": [84, 86, 87, 88, 89, 90, 91, 93, 95], "summary": {"covered_lines": 9, "num_statements": 9, "percent_covered": 100.0, "percent_covered_display": "100", "missing_lines": 0, "excluded_lines": 0}, "missing_lines": [], "excluded_lines": []}, "": {"executed_lines": [1, 3, 4, 5, 6, 7, 9, 12, 13, 15, 16, 73, 74], "summary": {"covered_lines": 11, "num_statements": 11, "percent_covered": 100.0, "percent_covered_display": "100", "missing_lines": 0, "excluded_lines": 0}, "missing_lines": [], "excluded_lines": []}}, "classes": {"ScraperFactory": {"executed_lines": [26, 28, 29, 30, 32, 33, 36, 37, 38, 41, 42, 45, 50, 53, 54, 55, 57, 58, 61, 66, 67, 69, 70, 71, 84, 86, 87, 88, 89, 90, 91, 93, 95], "summary": {"covered_lines": 33, "num_statements": 33, "percent_covered": 100.0, "percent_covered_display": "100", "missing_lines": 0, "excluded_lines": 0}, "missing_lines": [], "excluded_lines": []}, "": {"executed_lines": [1, 3, 4, 5, 6, 7, 9, 12, 13, 15, 16, 73, 74], "summary": {"covered_lines": 11, "num_statements": 11, "percent_covered": 100.0, "percent_covered_display": "100", "missing_lines": 0, "excluded_lines": 0}, "missing_lines": [], "excluded_lines": []}}}, "src\\webscraper\\scraper_manager.py": {"executed_lines": [1, 3, 4, 5, 6, 7, 10, 11, 13, 21, 22, 23, 25, 39, 41, 43, 44, 46, 47, 48, 51, 52, 54, 55, 56, 65, 67, 68, 69, 71, 76, 77, 78, 88, 89, 91, 92, 93, 105, 106, 108, 110, 124, 125], "summary": {"covered_lines": 42, "num_statements": 42, "percent_covered": 100.0, "percent_covered_display": "100", "missing_lines": 0, "excluded_lines": 0}, "missing_lines": [], "excluded_lines": [], "functions": {"ScraperManager.__init__": {"executed_lines": [21, 22, 23], "summary": {"covered_lines": 3, "num_statements": 3, "percent_covered": 100.0, "percent_covered_display": "100", "missing_lines": 0, "excluded_lines": 0}, "missing_lines": [], "excluded_lines": []}, "ScraperManager.scrape_activities": {"executed_lines": [39, 41, 43, 44, 46, 47, 48, 51, 52, 54, 55, 56, 65, 67, 68, 69, 71, 76, 77, 78, 88, 89, 91, 92, 93, 105, 106, 108], "summary": {"covered_lines": 28, "num_statements": 28, "percent_covered": 100.0, "percent_covered_display": "100", "missing_lines": 0, "excluded_lines": 0}, "missing_lines": [], "excluded_lines": []}, "ScraperManager.scrape_single_activity": {"executed_lines": [124, 125], "summary": {"covered_lines": 2, "num_statements": 2, "percent_covered": 100.0, "percent_covered_display": "100", "missing_lines": 0, "excluded_lines": 0}, "missing_lines": [], "excluded_lines": []}, "": {"executed_lines": [1, 3, 4, 5, 6, 7, 10, 11, 13, 25, 110], "summary": {"covered_lines": 9, "num_statements": 9, "percent_covered": 100.0, "percent_covered_display": "100", "missing_lines": 0, "excluded_lines": 0}, "missing_lines": [], "excluded_lines": []}}, "classes": {"ScraperManager": {"executed_lines": [21, 22, 23, 39, 41, 43, 44, 46, 47, 48, 51, 52, 54, 55, 56, 65, 67, 68, 69, 71, 76, 77, 78, 88, 89, 91, 92, 93, 105, 106, 108, 124, 125], "summary": {"covered_lines": 33, "num_statements": 33, "percent_covered": 100.0, "percent_covered_display": "100", "missing_lines": 0, "excluded_lines": 0}, "missing_lines": [], "excluded_lines": []}, "": {"executed_lines": [1, 3, 4, 5, 6, 7, 10, 11, 13, 25, 110], "summary": {"covered_lines": 9, "num_statements": 9, "percent_covered": 100.0, "percent_covered_display": "100", "missing_lines": 0, "excluded_lines": 0}, "missing_lines": [], "excluded_lines": []}}}, "src\\webscraper\\scraper_strategy.py": {"executed_lines": [1, 3, 4, 5, 6, 8, 11, 12, 14, 15, 16, 18, 19, 32, 33, 37, 38, 42, 43, 47, 49, 51, 52, 53, 54, 56, 58, 59, 60], "summary": {"covered_lines": 27, "num_statements": 31, "percent_covered": 87.09677419354838, "percent_covered_display": "87", "missing_lines": 4, "excluded_lines": 0}, "missing_lines": [30, 35, 40, 45], "excluded_lines": [], "functions": {"ScraperStrategy.__init__": {"executed_lines": [15, 16], "summary": {"covered_lines": 2, "num_statements": 2, "percent_covered": 100.0, "percent_covered_display": "100", "missing_lines": 0, "excluded_lines": 0}, "missing_lines": [], "excluded_lines": []}, "ScraperStrategy.scrape_activity": {"executed_lines": [], "summary": {"covered_lines": 0, "num_statements": 1, "percent_covered": 0.0, "percent_covered_display": "0", "missing_lines": 1, "excluded_lines": 0}, "missing_lines": [30], "excluded_lines": []}, "ScraperStrategy.get_activity_url": {"executed_lines": [], "summary": {"covered_lines": 0, "num_statements": 1, "percent_covered": 0.0, "percent_covered_display": "0", "missing_lines": 1, "excluded_lines": 0}, "missing_lines": [35], "excluded_lines": []}, "ScraperStrategy.extract_class_metadata": {"executed_lines": [], "summary": {"covered_lines": 0, "num_statements": 1, "percent_covered": 0.0, "percent_covered_display": "0", "missing_lines": 1, "excluded_lines": 0}, "missing_lines": [40], "excluded_lines": []}, "ScraperStrategy.extract_duration_from_title": {"executed_lines": [], "summary": {"covered_lines": 0, "num_statements": 1, "percent_covered": 0.0, "percent_covered_display": "0", "missing_lines": 1, "excluded_lines": 0}, "missing_lines": [45], "excluded_lines": []}, "ScraperStrategy._scroll_to_load_content": {"executed_lines": [49, 51, 52, 53, 54], "summary": {"covered_lines": 5, "num_statements": 5, "percent_covered": 100.0, "percent_covered_display": "100", "missing_lines": 0, "excluded_lines": 0}, "missing_lines": [], "excluded_lines": []}, "ScraperStrategy._wait_for_page_load": {"executed_lines": [58, 59, 60], "summary": {"covered_lines": 3, "num_statements": 3, "percent_covered": 100.0, "percent_covered_display": "100", "missing_lines": 0, "excluded_lines": 0}, "missing_lines": [], "excluded_lines": []}, "": {"executed_lines": [1, 3, 4, 5, 6, 8, 11, 12, 14, 18, 19, 32, 33, 37, 38, 42, 43, 47, 56], "summary": {"covered_lines": 17, "num_statements": 17, "percent_covered": 100.0, "percent_covered_display": "100", "missing_lines": 0, "excluded_lines": 0}, "missing_lines": [], "excluded_lines": []}}, "classes": {"ScraperStrategy": {"executed_lines": [15, 16, 49, 51, 52, 53, 54, 58, 59, 60], "summary": {"covered_lines": 10, "num_statements": 14, "percent_covered": 71.42857142857143, "percent_covered_display": "71", "missing_lines": 4, "excluded_lines": 0}, "missing_lines": [30, 35, 40, 45], "excluded_lines": []}, "": {"executed_lines": [1, 3, 4, 5, 6, 8, 11, 12, 14, 18, 19, 32, 33, 37, 38, 42, 43, 47, 56], "summary": {"covered_lines": 17, "num_statements": 17, "percent_covered": 100.0, "percent_covered_display": "100", "missing_lines": 0, "excluded_lines": 0}, "missing_lines": [], "excluded_lines": []}}}, "src\\webscraper\\session_manager.py": {"executed_lines": [1, 3, 4, 5, 6, 7, 8, 9, 11, 14, 15, 17, 18, 19, 20, 21, 23, 25, 27, 28, 31, 32, 34, 35, 38, 39, 40, 42, 45, 46, 47, 49, 50, 51, 53, 55, 56, 58, 59, 60, 62, 63, 67, 69, 70, 71, 72, 73, 74, 76, 79, 80, 82, 83, 84, 86, 88, 89, 91, 94, 95, 97, 98, 100, 101], "summary": {"covered_lines": 61, "num_statements": 63, "percent_covered": 96.82539682539682, "percent_covered_display": "97", "missing_lines": 2, "excluded_lines": 0}, "missing_lines": [65, 103], "excluded_lines": [], "functions": {"SessionManager.__init__": {"executed_lines": [18, 19, 20, 21], "summary": {"covered_lines": 4, "num_statements": 4, "percent_covered": 100.0, "percent_covered_display": "100", "missing_lines": 0, "excluded_lines": 0}, "missing_lines": [], "excluded_lines": []}, "SessionManager.create_session": {"executed_lines": [25, 27, 28, 31, 32, 34, 35, 38, 39, 40, 42, 45, 46, 47, 49, 50, 51, 53, 55, 56, 58, 59, 60], "summary": {"covered_lines": 23, "num_statements": 23, "percent_covered": 100.0, "percent_covered_display": "100", "missing_lines": 0, "excluded_lines": 0}, "missing_lines": [], "excluded_lines": []}, "SessionManager.login": {"executed_lines": [], "summary": {"covered_lines": 0, "num_statements": 1, "percent_covered": 0.0, "percent_covered_display": "0", "missing_lines": 1, "excluded_lines": 0}, "missing_lines": [65], "excluded_lines": []}, "SessionManager.close_session": {"executed_lines": [69, 70, 71, 72, 73, 74, 76], "summary": {"covered_lines": 7, "num_statements": 7, "percent_covered": 100.0, "percent_covered_display": "100", "missing_lines": 0, "excluded_lines": 0}, "missing_lines": [], "excluded_lines": []}, "GenericSessionManager.__init__": {"executed_lines": [83, 84], "summary": {"covered_lines": 2, "num_statements": 2, "percent_covered": 100.0, "percent_covered_display": "100", "missing_lines": 0, "excluded_lines": 0}, "missing_lines": [], "excluded_lines": []}, "GenericSessionManager.login": {"executed_lines": [88, 89, 91], "summary": {"covered_lines": 3, "num_statements": 3, "percent_covered": 100.0, "percent_covered_display": "100", "missing_lines": 0, "excluded_lines": 0}, "missing_lines": [], "excluded_lines": []}, "LoginStrategy.__init__": {"executed_lines": [98], "summary": {"covered_lines": 1, "num_statements": 1, "percent_covered": 100.0, "percent_covered_display": "100", "missing_lines": 0, "excluded_lines": 0}, "missing_lines": [], "excluded_lines": []}, "LoginStrategy.login": {"executed_lines": [], "summary": {"covered_lines": 0, "num_statements": 1, "percent_covered": 0.0, "percent_covered_display": "0", "missing_lines": 1, "excluded_lines": 0}, "missing_lines": [103], "excluded_lines": []}, "": {"executed_lines": [1, 3, 4, 5, 6, 7, 8, 9, 11, 14, 15, 17, 23, 62, 63, 67, 79, 80, 82, 86, 94, 95, 97, 100, 101], "summary": {"covered_lines": 21, "num_statements": 21, "percent_covered": 100.0, "percent_covered_display": "100", "missing_lines": 0, "excluded_lines": 0}, "missing_lines": [], "excluded_lines": []}}, "classes": {"SessionManager": {"executed_lines": [18, 19, 20, 21, 25, 27, 28, 31, 32, 34, 35, 38, 39, 40, 42, 45, 46, 47, 49, 50, 51, 53, 55, 56, 58, 59, 60, 69, 70, 71, 72, 73, 74, 76], "summary": {"covered_lines": 34, "num_statements": 35, "percent_covered": 97.14285714285714, "percent_covered_display": "97", "missing_lines": 1, "excluded_lines": 0}, "missing_lines": [65], "excluded_lines": []}, "GenericSessionManager": {"executed_lines": [83, 84, 88, 89, 91], "summary": {"covered_lines": 5, "num_statements": 5, "percent_covered": 100.0, "percent_covered_display": "100", "missing_lines": 0, "excluded_lines": 0}, "missing_lines": [], "excluded_lines": []}, "LoginStrategy": {"executed_lines": [98], "summary": {"covered_lines": 1, "num_statements": 2, "percent_covered": 50.0, "percent_covered_display": "50", "missing_lines": 1, "excluded_lines": 0}, "missing_lines": [103], "excluded_lines": []}, "": {"executed_lines": [1, 3, 4, 5, 6, 7, 8, 9, 11, 14, 15, 17, 23, 62, 63, 67, 79, 80, 82, 86, 94, 95, 97, 100, 101], "summary": {"covered_lines": 21, "num_statements": 21, "percent_covered": 100.0, "percent_covered_display": "100", "missing_lines": 0, "excluded_lines": 0}, "missing_lines": [], "excluded_lines": []}}}}, "totals": {"covered_lines": 2028, "num_statements": 2402, "percent_covered": 84.42964196502915, "percent_covered_display": "84", "missing_lines": 374, "excluded_lines": 0}}